#
# A fatal error has been detected by the Java Runtime Environment:
#
#  EXCEPTION_ACCESS_VIOLATION (0xc0000005) at pc=0x00007ffc63ea6ab7, pid=6584, tid=1900
#
# JRE version: OpenJDK Runtime Environment Corretto-11.0.17.8.1 (11.0.17+8) (build 11.0.17+8-LTS)
# Java VM: OpenJDK 64-Bit Server VM Corretto-11.0.17.8.1 (11.0.17+8-LTS, mixed mode, tiered, compressed oops, g1 gc, windows-amd64)
# Problematic frame:
# C  [glass.dll+0x26ab7]
#
# No core dump will be written. Minidumps are not enabled by default on client versions of Windows
#
# If you would like to submit a bug report, please visit:
#   https://github.com/corretto/corretto-11/issues/
#

---------------  S U M M A R Y ------------

Command Line: -javaagent:D:\IntelliJ IDEA Community Edition 2022.2.3\lib\idea_rt.jar=58040:D:\IntelliJ IDEA Community Edition 2022.2.3\bin -Dfile.encoding=UTF-8 --module-path=C:\Users\andre\.m2\repository\ch\qos\logback\logback-core\1.4.5\logback-core-1.4.5.jar;C:\Users\andre\.m2\repository\org\jetbrains\kotlin\kotlin-stdlib\1.5.10\kotlin-stdlib-1.5.10-modular.jar;C:\Users\andre\.m2\repository\org\mindrot\jbcrypt\0.4\jbcrypt-0.4.jar;C:\Users\andre\.m2\repository\org\openjfx\javafx-fxml\17.0.2\javafx-fxml-17.0.2-win.jar;C:\Users\andre\.m2\repository\org\projectlombok\lombok\1.18.26\lombok-1.18.26.jar;C:\Users\andre\.m2\repository\com\github\almasb\fxgl\11.17\fxgl-11.17.jar;C:\Users\andre\.m2\repository\org\openjfx\javafx-controls\17.0.2\javafx-controls-17.0.2-win.jar;C:\Users\andre\.m2\repository\com\fasterxml\jackson\datatype\jackson-datatype-jsr310\2.13.5\jackson-datatype-jsr310-2.13.5.jar;C:\Users\andre\.m2\repository\org\controlsfx\controlsfx\11.1.1\controlsfx-11.1.1.jar;C:\Users\andre\.m2\repository\com\fasterxml\jackson\datatype\jackson-datatype-jdk8\2.13.5\jackson-datatype-jdk8-2.13.5.jar;C:\Users\andre\dev\AuthService2.0\target\classes;C:\Users\andre\.m2\repository\com\github\almasb\fxgl-scene\11.17\fxgl-scene-11.17.jar;C:\Users\andre\.m2\repository\com\fasterxml\jackson\core\jackson-databind\2.13.5\jackson-databind-2.13.5.jar;C:\Users\andre\.m2\repository\ch\qos\logback\logback-classic\1.4.5\logback-classic-1.4.5.jar;C:\Users\andre\.m2\repository\com\dlsc\formsfx\formsfx-core\11.5.0\formsfx-core-11.5.0.jar;C:\Users\andre\.m2\repository\org\openjfx\javafx-graphics\17.0.2\javafx-graphics-17.0.2-win.jar;C:\Users\andre\.m2\repository\com\fasterxml\jackson\core\jackson-core\2.13.5\jackson-core-2.13.5.jar;C:\Users\andre\.m2\repository\com\github\almasb\fxgl-gameplay\11.17\fxgl-gameplay-11.17.jar;C:\Users\andre\.m2\repository\com\github\almasb\fxgl-entity\11.17\fxgl-entity-11.17.jar;C:\Users\andre\.m2\repository\org\kordamp\bootstrapfx\bootstrapfx-core\0.4.0\bootstrapfx-core-0.4.0.jar;C:\Users\andre\.m2\repository\org\openjfx\javafx-base\17.0.2\javafx-base-17.0.2-win.jar;C:\Users\andre\.m2\repository\com\gluonhq\attach\st-Djdk.module.main=gutlag.authservice20 gutlag.authservice20/gutlag.authservice20.HelloApplication

Host: Intel(R) Core(TM) i5-8300H CPU @ 2.30GHz, 8 cores, 7G,  Windows 10 , 64 bit Build 19041 (10.0.19041.2913)
Time: Sun May 28 20:23:06 2023 RTZ 2 (s 10 , 64 bit Build 19041 (10.0.19041.2913) elapsed time: 195.220226 seconds (0d 0h 3m 15s)

---------------  T H R E A D  ---------------

Current thread (0x000001c85c320800):  VMThread "VM Thread" [stack: 0x0000003145600000,0x0000003145700000] [id=1900]

Stack: [0x0000003145600000,0x0000003145700000],  sp=0x00000031456ff1a0,  free space=1020k
Native frames: (J=compiled Java code, j=interpreted, Vv=VM code, C=native code)
C  [glass.dll+0x26ab7]


siginfo: EXCEPTION_ACCESS_VIOLATION (0xc0000005), reading address 0x0000000000000000


Register to memory mapping:

RIP=0x00007ffc63ea6ab7 glass.dll
RAX=0x0 is NULL
RBX=0x000001c85c335a88 is a global jni handle
RCX=0x000001c85c320800 points into unknown readable memory: 0x00007ffc4627d5e8 | e8 d5 27 46 fc 7f 00 00
RDX=0x00000031456ff1a0 points into unknown readable memory: 0x0000000000000000 | 00 00 00 00 00 00 00 00
RSP=0x00000031456ff1a0 points into unknown readable memory: 0x0000000000000000 | 00 00 00 00 00 00 00 00
RBP=0x000001c85c2ffef8 points into unknown readable memory: 0x00005cc5784b58b0 | b0 58 4b 78 c5 5c 00 00
RSI=0x000001c85c2ffed0 points into unknown readable memory: 0x3e9c5cc507b73b5a | 5a 3b b7 07 c5 5c 9c 3e
RDI=0x00005cc5784b58b0 is an unknown value
R8 =0x0000000000010002 is an unknown value
R9 =0x00005cc5784b58b0 is an unknown value
R10=0x0000000000008000 is an unknown value
R11=0x00000031456ff130 points into unknown readable memory: 0x000001c85c2ffed0 | d0 fe 2f 5c c8 01 00 00
R12=0x00007ffc63ea4384 glass.dll
R13=0x0000003144ffefa0 is pointing into the stack for thread: 0x000001c8667a3800
R14=0x00000031456ff298 points into unknown readable memory: 0x00000031456ff280 | 80 f2 6f 45 31 00 00 00
R15=0x000001c85c2ffed0 points into unknown readable memory: 0x3e9c5cc507b73b5a | 5a 3b b7 07 c5 5c 9c 3e


Registers:
RAX=0x0000000000000000, RBX=0x000001c85c335a88, RCX=0x000001c85c320800, RDX=0x00000031456ff1a0
RSP=0x00000031456ff1a0, RBP=0x000001c85c2ffef8, RSI=0x000001c85c2ffed0, RDI=0x00005cc5784b58b0
R8 =0x0000000000010002, R9 =0x00005cc5784b58b0, R10=0x0000000000008000, R11=0x00000031456ff130
R12=0x00007ffc63ea4384, R13=0x0000003144ffefa0, R14=0x00000031456ff298, R15=0x000001c85c2ffed0
RIP=0x00007ffc63ea6ab7, EFLAGS=0x0000000000010202

Top of Stack: (sp=0x00000031456ff1a0)
0x00000031456ff1a0:   0000000000000000 000001c85c2ffed0
0x00000031456ff1b0:   0000003144ffefa0 00007ffc63ea4384
0x00000031456ff1c0:   000001c85c2ffed8 00007ffc8bc642d6
0x00000031456ff1d0:   00005cc5784b58b0 000001c800000000
0x00000031456ff1e0:   000001c85c2ffef8 000001c85c2ffed0
0x00000031456ff1f0:   fffffffffffffffe 0000000000000000
0x00000031456ff200:   0000000000000001 00007ffc63e80000
0x00000031456ff210:   00000031456ff288 00007ffc8bc641fb
0x00000031456ff220:   0000000000000000 00000031456ff298
0x00000031456ff230:   00000031456ff560 00007ffc8bd40e40
0x00000031456ff240:   0000000000000001 00007ffc8bc641b4
0x00000031456ff250:   0000000000000000 0000000000000001
0x00000031456ff260:   0000000000000000 00000031456ff288
0x00000031456ff270:   0000000000000001 00007ffc63ea4211
0x00000031456ff280:   00007ffc63eba138 00007ffc00000002
0x00000031456ff290:   0000000000000002 00000031456ff280 

Instructions: (pc=0x00007ffc63ea6ab7)
0x00007ffc63ea69b7:   8b 4d 58 e8 01 cf ff ff 48 8b 4d 60 e8 f8 ce ff
0x00007ffc63ea69c7:   ff 48 8b 95 80 00 00 00 48 8b 8d 18 01 00 00 e8
0x00007ffc63ea69d7:   c6 c3 ff ff 33 d2 33 c9 e8 3c e1 ff ff 90 48 89
0x00007ffc63ea69e7:   54 24 10 55 48 83 ec 20 48 8b ea 48 b8 00 00 00
0x00007ffc63ea69f7:   00 00 00 00 00 48 83 c4 20 5d c3 cc 40 55 48 8b
0x00007ffc63ea6a07:   ea 48 8b 01 33 c9 81 38 05 00 00 c0 0f 94 c1 8b
0x00007ffc63ea6a17:   c1 5d c3 cc 40 55 48 83 ec 20 48 8b ea 8a 4d 40
0x00007ffc63ea6a27:   48 83 c4 20 5d e9 f7 d2 ff ff cc 40 55 48 83 ec
0x00007ffc63ea6a37:   20 48 8b ea 8a 4d 20 e8 e5 d2 ff ff 90 48 83 c4
0x00007ffc63ea6a47:   20 5d c3 cc 40 55 48 83 ec 20 48 8b ea 48 83 c4
0x00007ffc63ea6a57:   20 5d e9 46 d1 ff ff cc 40 55 48 83 ec 30 48 8b
0x00007ffc63ea6a67:   ea 48 8b 01 8b 10 48 89 4c 24 28 89 54 24 20 4c
0x00007ffc63ea6a77:   8d 0d e7 d5 ff ff 4c 8b 45 70 8b 55 68 48 8b 4d
0x00007ffc63ea6a87:   60 e8 87 d0 ff ff 90 48 83 c4 30 5d c3 cc cc cc
0x00007ffc63ea6a97:   cc cc cc cc cc cc cc cc cc 40 53 48 83 ec 20 48
0x00007ffc63ea6aa7:   8b 1d 83 30 01 00 48 85 db 74 16 e8 09 8b ff ff
0x00007ffc63ea6ab7:   4c 8b 00 48 8b d3 48 8b c8 41 ff 90 b0 00 00 00
0x00007ffc63ea6ac7:   90 48 83 c4 20 5b c3 cc cc 40 53 48 83 ec 20 48
0x00007ffc63ea6ad7:   8b 1d fb 31 01 00 48 85 db 74 57 b8 ff ff ff ff
0x00007ffc63ea6ae7:   f0 0f c1 43 10 83 f8 01 75 3d 48 85 db 74 38 48
0x00007ffc63ea6af7:   8b 0b 48 85 c9 74 0d ff 15 a4 07 00 00 48 c7 03
0x00007ffc63ea6b07:   00 00 00 00 48 8b 4b 08 48 85 c9 74 0d e8 a7 cd
0x00007ffc63ea6b17:   ff ff 48 c7 43 08 00 00 00 00 ba 18 00 00 00 48
0x00007ffc63ea6b27:   8b cb e8 92 cd ff ff 48 c7 05 9f 31 01 00 00 00
0x00007ffc63ea6b37:   00 00 48 83 c4 20 5b c3 cc 40 53 48 83 ec 20 48
0x00007ffc63ea6b47:   8b 1d 6b 31 01 00 48 85 db 74 57 b8 ff ff ff ff
0x00007ffc63ea6b57:   f0 0f c1 43 10 83 f8 01 75 3d 48 85 db 74 38 48
0x00007ffc63ea6b67:   8b 0b 48 85 c9 74 0d ff 15 34 07 00 00 48 c7 03
0x00007ffc63ea6b77:   00 00 00 00 48 8b 4b 08 48 85 c9 74 0d e8 37 cd
0x00007ffc63ea6b87:   ff ff 48 c7 43 08 00 00 00 00 ba 18 00 00 00 48
0x00007ffc63ea6b97:   8b cb e8 22 cd ff ff 48 c7 05 0f 31 01 00 00 00
0x00007ffc63ea6ba7:   00 00 48 83 c4 20 5b c3 cc 40 53 48 83 ec 20 48 


Stack slot to memory mapping:
stack at sp + 0 slots: 0x0 is NULL
stack at sp + 1 slots: 0x000001c85c2ffed0 points into unknown readable memory: 0x3e9c5cc507b73b5a | 5a 3b b7 07 c5 5c 9c 3e
stack at sp + 2 slots: 0x0000003144ffefa0 is pointing into the stack for thread: 0x000001c8667a3800
stack at sp + 3 slots: 0x00007ffc63ea4384 glass.dll
stack at sp + 4 slots: 0x000001c85c2ffed8 points into unknown readable memory: 0x00005cc5784b58b0 | b0 58 4b 78 c5 5c 00 00
stack at sp + 5 slots: 0x00007ffc8bc642d6 ucrtbase.dll
stack at sp + 6 slots: 0x00005cc5784b58b0 is an unknown value
stack at sp + 7 slots: 0x000001c800000000 is an unknown value

VM_Operation (0x0000003144ffefa0): Exit, mode: safepoint, requested by thread 0x000001c8667a3800


---------------  P R O C E S S  ---------------

Threads class SMR info:
_java_thread_list=0x000001c86442e930, length=18, elements={
0x000001c83d2cc800, 0x000001c85c332800, 0x000001c85c32a000, 0x000001c85c33c000,
0x000001c85c33d000, 0x000001c85c33e000, 0x000001c85c344800, 0x000001c85c348800,
0x000001c85c34b000, 0x000001c85c2b9800, 0x000001c85d655000, 0x000001c85ddf7000,
0x000001c85ddf8000, 0x000001c85dee4000, 0x000001c85e029800, 0x000001c85d084800,
0x000001c85debb800, 0x000001c8667a3800
}

Java Threads: ( => current thread )
  0x000001c83d2cc800 JavaThread "main" [_thread_blocked, id=7988, stack(0x0000003145000000,0x0000003145100000)]
  0x000001c85c332800 JavaThread "Reference Handler" daemon [_thread_blocked, id=5392, stack(0x0000003145700000,0x0000003145800000)]
  0x000001c85c32a000 JavaThread "Finalizer" daemon [_thread_blocked, id=9552, stack(0x0000003145800000,0x0000003145900000)]
  0x000001c85c33c000 JavaThread "Signal Dispatcher" daemon [_thread_blocked, id=2724, stack(0x0000003145900000,0x0000003145a00000)]
  0x000001c85c33d000 JavaThread "Attach Listener" daemon [_thread_blocked, id=15844, stack(0x0000003145a00000,0x0000003145b00000)]
  0x000001c85c33e000 JavaThread "Service Thread" daemon [_thread_blocked, id=8520, stack(0x0000003145b00000,0x0000003145c00000)]
  0x000001c85c344800 JavaThread "C2 CompilerThread0" daemon [_thread_blocked, id=6284, stack(0x0000003145c00000,0x0000003145d00000)]
  0x000001c85c348800 JavaThread "C1 CompilerThread0" daemon [_thread_blocked, id=15152, stack(0x0000003145d00000,0x0000003145e00000)]
  0x000001c85c34b000 JavaThread "Sweeper thread" daemon [_thread_blocked, id=9108, stack(0x0000003145e00000,0x0000003145f00000)]
  0x000001c85c2b9800 JavaThread "Common-Cleaner" daemon [_thread_blocked, id=16256, stack(0x0000003145f00000,0x0000003146000000)]
  0x000001c85d655000 JavaThread "Monitor Ctrl-Break" daemon [_thread_in_native, id=9736, stack(0x0000003146200000,0x0000003146300000)]
  0x000001c85ddf7000 JavaThread "InvokeLaterDispatcher" daemon [_thread_blocked, id=13952, stack(0x0000003146700000,0x0000003146800000)]
  0x000001c85ddf8000 JavaThread "JavaFX Application Thread" [_thread_in_native, id=15984, stack(0x0000003146800000,0x0000003146900000)]
  0x000001c85dee4000 JavaThread "Thread-1" daemon [_thread_in_native, id=1032, stack(0x0000003146c00000,0x0000003146d00000)]
  0x000001c85e029800 JavaThread "JavaFX-Launcher" [_thread_blocked, id=8316, stack(0x0000003146d00000,0x0000003146e00000)]
  0x000001c85d084800 JavaThread "Prism Font Disposer" daemon [_thread_blocked, id=13912, stack(0x0000003146100000,0x0000003146200000)]
  0x000001c85debb800 JavaThread "Cleaner-0" daemon [_thread_blocked, id=15028, stack(0x0000003147500000,0x0000003147600000)]
  0x000001c8667a3800 JavaThread "SIGINT handler" daemon [_thread_blocked, id=15404, stack(0x0000003144f00000,0x0000003145000000)]

Other Threads:
=>0x000001c85c320800 VMThread "VM Thread" [stack: 0x0000003145600000,0x0000003145700000] [id=1900]
  0x000001c83d2e3800 GCTaskThread "GC Thread#0" [stack: 0x0000003145100000,0x0000003145200000] [id=3760]
  0x000001c85da48800 GCTaskThread "GC Thread#1" [stack: 0x0000003146400000,0x0000003146500000] [id=13236]
  0x000001c85d6ed800 GCTaskThread "GC Thread#2" [stack: 0x0000003146500000,0x0000003146600000] [id=148]
  0x000001c85e826800 GCTaskThread "GC Thread#3" [stack: 0x0000003147100000,0x0000003147200000] [id=15932]
  0x000001c85e827800 GCTaskThread "GC Thread#4" [stack: 0x0000003147200000,0x0000003147300000] [id=16716]
  0x000001c85e275000 GCTaskThread "GC Thread#5" [stack: 0x0000003147300000,0x0000003147400000] [id=15408]
  0x000001c83b2ae000 ConcurrentGCThread "G1 Main Marker" [stack: 0x0000003145200000,0x0000003145300000] [id=12140]
  0x000001c83d314800 ConcurrentGCThread "G1 Conc#0" [stack: 0x0000003145300000,0x0000003145400000] [id=9768]
  0x000001c85da14800 ConcurrentGCThread "G1 Conc#1" [stack: 0x0000003147400000,0x0000003147500000] [id=8796]
  0x000001c85c168800 ConcurrentGCThread "G1 Refine#0" [stack: 0x0000003145400000,0x0000003145500000] [id=5260]
  0x000001c85c169000 ConcurrentGCThread "G1 Young RemSet Sampling" [stack: 0x0000003145500000,0x0000003145600000] [id=12032]

Threads with active compile tasks:

VM state:at safepoint (shutting down)

VM Mutex/Monitor currently owned by a thread:  ([mutex/lock_event])
[0x000001c83d2c8340] Threads_lock - owner thread: 0x000001c85c320800

Heap address: 0x0000000081a00000, size: 2022 MB, Compressed Oops mode: 32-bit
Narrow klass base: 0x0000000000000000, Narrow klass shift: 3
Compressed class space size: 1073741824 Address: 0x0000000100000000

Heap:
 garbage-first heap   total 131072K, used 61171K [0x0000000081a00000, 0x0000000100000000)
  region size 1024K, 48 young (49152K), 4 survivors (4096K)
 Metaspace       used 33824K, capacity 34799K, committed 35120K, reserved 1079296K
  class space    used 3935K, capacity 4381K, committed 4480K, reserved 1048576K
Heap Regions: E=young(eden), S=young(survivor), O=old, HS=humongous(starts), HC=humongous(continues), CS=collection set, F=free, A=archive, TAMS=top-at-mark-start (previous, next)
|   0|0x0000000081a00000, 0x0000000081b00000, 0x0000000081b00000|100%| O|  |TAMS 0x0000000081b00000, 0x0000000081a00000| Untracked 
|   1|0x0000000081b00000, 0x0000000081c00000, 0x0000000081c00000|100%| O|  |TAMS 0x0000000081b2de00, 0x0000000081b00000| Untracked 
|   2|0x0000000081c00000, 0x0000000081d00000, 0x0000000081d00000|100%|HS|  |TAMS 0x0000000081c00000, 0x0000000081c00000| Complete 
|   3|0x0000000081d00000, 0x0000000081e00000, 0x0000000081e00000|100%|HC|  |TAMS 0x0000000081d00000, 0x0000000081d00000| Complete 
|   4|0x0000000081e00000, 0x0000000081f00000, 0x0000000081f00000|100%|HS|  |TAMS 0x0000000081e00000, 0x0000000081e00000| Complete 
|   5|0x0000000081f00000, 0x0000000082000000, 0x0000000082000000|100%|HC|  |TAMS 0x0000000081f00000, 0x0000000081f00000| Complete 
|   6|0x0000000082000000, 0x0000000082100000, 0x0000000082100000|100%| O|  |TAMS 0x0000000082000000, 0x0000000082000000| Untracked 
|   7|0x0000000082100000, 0x0000000082200000, 0x0000000082200000|100%| O|  |TAMS 0x0000000082100000, 0x0000000082100000| Untracked 
|   8|0x0000000082200000, 0x0000000082300000, 0x0000000082300000|100%| O|  |TAMS 0x0000000082200000, 0x0000000082200000| Untracked 
|   9|0x0000000082300000, 0x0000000082400000, 0x0000000082400000|100%| O|  |TAMS 0x0000000082300000, 0x0000000082300000| Untracked 
|  10|0x0000000082400000, 0x0000000082500000, 0x0000000082500000|100%| O|  |TAMS 0x0000000082400000, 0x0000000082400000| Untracked 
|  11|0x0000000082500000, 0x0000000082600000, 0x0000000082600000|100%| O|  |TAMS 0x0000000082500000, 0x0000000082500000| Untracked 
|  12|0x0000000082600000, 0x0000000082700000, 0x0000000082700000|100%| O|  |TAMS 0x0000000082600000, 0x0000000082600000| Untracked 
|  13|0x0000000082700000, 0x000000008275be00, 0x0000000082800000| 35%| O|  |TAMS 0x0000000082700000, 0x0000000082700000| Untracked 
|  14|0x0000000082800000, 0x0000000082800000, 0x0000000082900000|  0%| F|  |TAMS 0x0000000082800000, 0x0000000082800000| Untracked 
|  15|0x0000000082900000, 0x0000000082900000, 0x0000000082a00000|  0%| F|  |TAMS 0x0000000082900000, 0x0000000082900000| Untracked 
|  16|0x0000000082a00000, 0x0000000082a00000, 0x0000000082b00000|  0%| F|  |TAMS 0x0000000082a00000, 0x0000000082a00000| Untracked 
|  17|0x0000000082b00000, 0x0000000082b00000, 0x0000000082c00000|  0%| F|  |TAMS 0x0000000082b00000, 0x0000000082b00000| Untracked 
|  18|0x0000000082c00000, 0x0000000082c00000, 0x0000000082d00000|  0%| F|  |TAMS 0x0000000082c00000, 0x0000000082c00000| Untracked 
|  19|0x0000000082d00000, 0x0000000082d00000, 0x0000000082e00000|  0%| F|  |TAMS 0x0000000082d00000, 0x0000000082d00000| Untracked 
|  20|0x0000000082e00000, 0x0000000082e00000, 0x0000000082f00000|  0%| F|  |TAMS 0x0000000082e00000, 0x0000000082e00000| Untracked 
|  21|0x0000000082f00000, 0x0000000082f00000, 0x0000000083000000|  0%| F|  |TAMS 0x0000000082f00000, 0x0000000082f00000| Untracked 
|  22|0x0000000083000000, 0x0000000083000000, 0x0000000083100000|  0%| F|  |TAMS 0x0000000083000000, 0x0000000083000000| Untracked 
|  23|0x0000000083100000, 0x0000000083100000, 0x0000000083200000|  0%| F|  |TAMS 0x0000000083100000, 0x0000000083100000| Untracked 
|  24|0x0000000083200000, 0x0000000083200000, 0x0000000083300000|  0%| F|  |TAMS 0x0000000083200000, 0x0000000083200000| Untracked 
|  25|0x0000000083300000, 0x0000000083300000, 0x0000000083400000|  0%| F|  |TAMS 0x0000000083300000, 0x0000000083300000| Untracked 
|  26|0x0000000083400000, 0x0000000083400000, 0x0000000083500000|  0%| F|  |TAMS 0x0000000083400000, 0x0000000083400000| Untracked 
|  27|0x0000000083500000, 0x0000000083500000, 0x0000000083600000|  0%| F|  |TAMS 0x0000000083500000, 0x0000000083500000| Untracked 
|  28|0x0000000083600000, 0x0000000083600000, 0x0000000083700000|  0%| F|  |TAMS 0x0000000083600000, 0x0000000083600000| Untracked 
|  29|0x0000000083700000, 0x0000000083700000, 0x0000000083800000|  0%| F|  |TAMS 0x0000000083700000, 0x0000000083700000| Untracked 
|  30|0x0000000083800000, 0x0000000083800000, 0x0000000083900000|  0%| F|  |TAMS 0x0000000083800000, 0x0000000083800000| Untracked 
|  31|0x0000000083900000, 0x0000000083900000, 0x0000000083a00000|  0%| F|  |TAMS 0x0000000083900000, 0x0000000083900000| Untracked 
|  32|0x0000000083a00000, 0x0000000083a00000, 0x0000000083b00000|  0%| F|  |TAMS 0x0000000083a00000, 0x0000000083a00000| Untracked 
|  33|0x0000000083b00000, 0x0000000083b00000, 0x0000000083c00000|  0%| F|  |TAMS 0x0000000083b00000, 0x0000000083b00000| Untracked 
|  34|0x0000000083c00000, 0x0000000083c00000, 0x0000000083d00000|  0%| F|  |TAMS 0x0000000083c00000, 0x0000000083c00000| Untracked 
|  35|0x0000000083d00000, 0x0000000083d00000, 0x0000000083e00000|  0%| F|  |TAMS 0x0000000083d00000, 0x0000000083d00000| Untracked 
|  36|0x0000000083e00000, 0x0000000083e00000, 0x0000000083f00000|  0%| F|  |TAMS 0x0000000083e00000, 0x0000000083e00000| Untracked 
|  37|0x0000000083f00000, 0x0000000083f00000, 0x0000000084000000|  0%| F|  |TAMS 0x0000000083f00000, 0x0000000083f00000| Untracked 
|  38|0x0000000084000000, 0x0000000084000000, 0x0000000084100000|  0%| F|  |TAMS 0x0000000084000000, 0x0000000084000000| Untracked 
|  39|0x0000000084100000, 0x0000000084100000, 0x0000000084200000|  0%| F|  |TAMS 0x0000000084100000, 0x0000000084100000| Untracked 
|  40|0x0000000084200000, 0x0000000084200000, 0x0000000084300000|  0%| F|  |TAMS 0x0000000084200000, 0x0000000084200000| Untracked 
|  41|0x0000000084300000, 0x0000000084300000, 0x0000000084400000|  0%| F|  |TAMS 0x0000000084300000, 0x0000000084300000| Untracked 
|  42|0x0000000084400000, 0x0000000084400000, 0x0000000084500000|  0%| F|  |TAMS 0x0000000084400000, 0x0000000084400000| Untracked 
|  43|0x0000000084500000, 0x0000000084500000, 0x0000000084600000|  0%| F|  |TAMS 0x0000000084500000, 0x0000000084500000| Untracked 
|  44|0x0000000084600000, 0x0000000084600000, 0x0000000084700000|  0%| F|  |TAMS 0x0000000084600000, 0x0000000084600000| Untracked 
|  45|0x0000000084700000, 0x0000000084700000, 0x0000000084800000|  0%| F|  |TAMS 0x0000000084700000, 0x0000000084700000| Untracked 
|  46|0x0000000084800000, 0x0000000084800000, 0x0000000084900000|  0%| F|  |TAMS 0x0000000084800000, 0x0000000084800000| Untracked 
|  47|0x0000000084900000, 0x0000000084900000, 0x0000000084a00000|  0%| F|  |TAMS 0x0000000084900000, 0x0000000084900000| Untracked 
|  48|0x0000000084a00000, 0x0000000084a00000, 0x0000000084b00000|  0%| F|  |TAMS 0x0000000084a00000, 0x0000000084a00000| Untracked 
|  49|0x0000000084b00000, 0x0000000084b00000, 0x0000000084c00000|  0%| F|  |TAMS 0x0000000084b00000, 0x0000000084b00000| Untracked 
|  50|0x0000000084c00000, 0x0000000084c00000, 0x0000000084d00000|  0%| F|  |TAMS 0x0000000084c00000, 0x0000000084c00000| Untracked 
|  51|0x0000000084d00000, 0x0000000084d00000, 0x0000000084e00000|  0%| F|  |TAMS 0x0000000084d00000, 0x0000000084d00000| Untracked 
|  52|0x0000000084e00000, 0x0000000084e00000, 0x0000000084f00000|  0%| F|  |TAMS 0x0000000084e00000, 0x0000000084e00000| Untracked 
|  53|0x0000000084f00000, 0x0000000084f00000, 0x0000000085000000|  0%| F|  |TAMS 0x0000000084f00000, 0x0000000084f00000| Untracked 
|  54|0x0000000085000000, 0x0000000085000000, 0x0000000085100000|  0%| F|  |TAMS 0x0000000085000000, 0x0000000085000000| Untracked 
|  55|0x0000000085100000, 0x0000000085100000, 0x0000000085200000|  0%| F|  |TAMS 0x0000000085100000, 0x0000000085100000| Untracked 
|  56|0x0000000085200000, 0x0000000085200000, 0x0000000085300000|  0%| F|  |TAMS 0x0000000085200000, 0x0000000085200000| Untracked 
|  57|0x0000000085300000, 0x0000000085300000, 0x0000000085400000|  0%| F|  |TAMS 0x0000000085300000, 0x0000000085300000| Untracked 
|  58|0x0000000085400000, 0x0000000085400000, 0x0000000085500000|  0%| F|  |TAMS 0x0000000085400000, 0x0000000085400000| Untracked 
|  59|0x0000000085500000, 0x0000000085500000, 0x0000000085600000|  0%| F|  |TAMS 0x0000000085500000, 0x0000000085500000| Untracked 
|  60|0x0000000085600000, 0x0000000085600000, 0x0000000085700000|  0%| F|  |TAMS 0x0000000085600000, 0x0000000085600000| Untracked 
|  61|0x0000000085700000, 0x0000000085700000, 0x0000000085800000|  0%| F|  |TAMS 0x0000000085700000, 0x0000000085700000| Untracked 
|  62|0x0000000085800000, 0x0000000085800000, 0x0000000085900000|  0%| F|  |TAMS 0x0000000085800000, 0x0000000085800000| Untracked 
|  63|0x0000000085900000, 0x0000000085900000, 0x0000000085a00000|  0%| F|  |TAMS 0x0000000085900000, 0x0000000085900000| Untracked 
|  64|0x0000000085a00000, 0x0000000085a00000, 0x0000000085b00000|  0%| F|  |TAMS 0x0000000085a00000, 0x0000000085a00000| Untracked 
|  65|0x0000000085b00000, 0x0000000085b00000, 0x0000000085c00000|  0%| F|  |TAMS 0x0000000085b00000, 0x0000000085b00000| Untracked 
|  66|0x0000000085c00000, 0x0000000085c00000, 0x0000000085d00000|  0%| F|  |TAMS 0x0000000085c00000, 0x0000000085c00000| Untracked 
|  67|0x0000000085d00000, 0x0000000085d00000, 0x0000000085e00000|  0%| F|  |TAMS 0x0000000085d00000, 0x0000000085d00000| Untracked 
|  68|0x0000000085e00000, 0x0000000085e00000, 0x0000000085f00000|  0%| F|  |TAMS 0x0000000085e00000, 0x0000000085e00000| Untracked 
|  69|0x0000000085f00000, 0x0000000085f00000, 0x0000000086000000|  0%| F|  |TAMS 0x0000000085f00000, 0x0000000085f00000| Untracked 
|  70|0x0000000086000000, 0x0000000086000000, 0x0000000086100000|  0%| F|  |TAMS 0x0000000086000000, 0x0000000086000000| Untracked 
|  71|0x0000000086100000, 0x0000000086100000, 0x0000000086200000|  0%| F|  |TAMS 0x0000000086100000, 0x0000000086100000| Untracked 
|  72|0x0000000086200000, 0x0000000086200000, 0x0000000086300000|  0%| F|  |TAMS 0x0000000086200000, 0x0000000086200000| Untracked 
|  73|0x0000000086300000, 0x0000000086300000, 0x0000000086400000|  0%| F|  |TAMS 0x0000000086300000, 0x0000000086300000| Untracked 
|  74|0x0000000086400000, 0x0000000086400000, 0x0000000086500000|  0%| F|  |TAMS 0x0000000086400000, 0x0000000086400000| Untracked 
|  75|0x0000000086500000, 0x0000000086500000, 0x0000000086600000|  0%| F|  |TAMS 0x0000000086500000, 0x0000000086500000| Untracked 
|  76|0x0000000086600000, 0x0000000086600000, 0x0000000086700000|  0%| F|  |TAMS 0x0000000086600000, 0x0000000086600000| Untracked 
|  77|0x0000000086700000, 0x0000000086761128, 0x0000000086800000| 37%| S|CS|TAMS 0x0000000086700000, 0x0000000086700000| Complete 
|  78|0x0000000086800000, 0x0000000086900000, 0x0000000086900000|100%| S|CS|TAMS 0x0000000086800000, 0x0000000086800000| Complete 
|  79|0x0000000086900000, 0x0000000086a00000, 0x0000000086a00000|100%| S|CS|TAMS 0x0000000086900000, 0x0000000086900000| Complete 
|  80|0x0000000086a00000, 0x0000000086a00000, 0x0000000086b00000|  0%| F|  |TAMS 0x0000000086a00000, 0x0000000086a00000| Untracked 
|  81|0x0000000086b00000, 0x0000000086b00000, 0x0000000086c00000|  0%| F|  |TAMS 0x0000000086b00000, 0x0000000086b00000| Untracked 
|  82|0x0000000086c00000, 0x0000000086c00000, 0x0000000086d00000|  0%| F|  |TAMS 0x0000000086c00000, 0x0000000086c00000| Untracked 
|  83|0x0000000086d00000, 0x0000000086d8fe10, 0x0000000086e00000| 56%| E|  |TAMS 0x0000000086d00000, 0x0000000086d00000| Complete 
|  84|0x0000000086e00000, 0x0000000086f00000, 0x0000000086f00000|100%| E|CS|TAMS 0x0000000086e00000, 0x0000000086e00000| Complete 
|  85|0x0000000086f00000, 0x0000000087000000, 0x0000000087000000|100%| E|CS|TAMS 0x0000000086f00000, 0x0000000086f00000| Complete 
|  86|0x0000000087000000, 0x0000000087100000, 0x0000000087100000|100%| E|CS|TAMS 0x0000000087000000, 0x0000000087000000| Complete 
|  87|0x0000000087100000, 0x0000000087200000, 0x0000000087200000|100%| E|CS|TAMS 0x0000000087100000, 0x0000000087100000| Complete 
|  88|0x0000000087200000, 0x0000000087300000, 0x0000000087300000|100%| E|CS|TAMS 0x0000000087200000, 0x0000000087200000| Complete 
|  89|0x0000000087300000, 0x0000000087400000, 0x0000000087400000|100%| S|CS|TAMS 0x0000000087300000, 0x0000000087300000| Complete 
|  90|0x0000000087400000, 0x0000000087500000, 0x0000000087500000|100%| E|CS|TAMS 0x0000000087400000, 0x0000000087400000| Complete 
|  91|0x0000000087500000, 0x0000000087600000, 0x0000000087600000|100%| E|CS|TAMS 0x0000000087500000, 0x0000000087500000| Complete 
|  92|0x0000000087600000, 0x0000000087700000, 0x0000000087700000|100%| E|CS|TAMS 0x0000000087600000, 0x0000000087600000| Complete 
|  93|0x0000000087700000, 0x0000000087800000, 0x0000000087800000|100%| E|CS|TAMS 0x0000000087700000, 0x0000000087700000| Complete 
|  94|0x0000000087800000, 0x0000000087900000, 0x0000000087900000|100%| E|CS|TAMS 0x0000000087800000, 0x0000000087800000| Complete 
|  95|0x0000000087900000, 0x0000000087a00000, 0x0000000087a00000|100%| E|CS|TAMS 0x0000000087900000, 0x0000000087900000| Complete 
|  96|0x0000000087a00000, 0x0000000087b00000, 0x0000000087b00000|100%| E|CS|TAMS 0x0000000087a00000, 0x0000000087a00000| Complete 
|  97|0x0000000087b00000, 0x0000000087c00000, 0x0000000087c00000|100%| E|CS|TAMS 0x0000000087b00000, 0x0000000087b00000| Complete 
|  98|0x0000000087c00000, 0x0000000087d00000, 0x0000000087d00000|100%| E|CS|TAMS 0x0000000087c00000, 0x0000000087c00000| Complete 
|  99|0x0000000087d00000, 0x0000000087e00000, 0x0000000087e00000|100%| E|CS|TAMS 0x0000000087d00000, 0x0000000087d00000| Complete 
| 100|0x0000000087e00000, 0x0000000087f00000, 0x0000000087f00000|100%| E|CS|TAMS 0x0000000087e00000, 0x0000000087e00000| Complete 
| 101|0x0000000087f00000, 0x0000000088000000, 0x0000000088000000|100%| E|CS|TAMS 0x0000000087f00000, 0x0000000087f00000| Complete 
| 102|0x0000000088000000, 0x0000000088100000, 0x0000000088100000|100%| E|CS|TAMS 0x0000000088000000, 0x0000000088000000| Complete 
| 103|0x0000000088100000, 0x0000000088200000, 0x0000000088200000|100%| E|CS|TAMS 0x0000000088100000, 0x0000000088100000| Complete 
| 104|0x0000000088200000, 0x0000000088300000, 0x0000000088300000|100%| E|CS|TAMS 0x0000000088200000, 0x0000000088200000| Complete 
| 105|0x0000000088300000, 0x0000000088400000, 0x0000000088400000|100%| E|CS|TAMS 0x0000000088300000, 0x0000000088300000| Complete 
| 106|0x0000000088400000, 0x0000000088500000, 0x0000000088500000|100%| E|CS|TAMS 0x0000000088400000, 0x0000000088400000| Complete 
| 107|0x0000000088500000, 0x0000000088600000, 0x0000000088600000|100%| E|CS|TAMS 0x0000000088500000, 0x0000000088500000| Complete 
| 108|0x0000000088600000, 0x0000000088700000, 0x0000000088700000|100%| E|CS|TAMS 0x0000000088600000, 0x0000000088600000| Complete 
| 109|0x0000000088700000, 0x0000000088800000, 0x0000000088800000|100%| E|CS|TAMS 0x0000000088700000, 0x0000000088700000| Complete 
| 110|0x0000000088800000, 0x0000000088900000, 0x0000000088900000|100%| E|CS|TAMS 0x0000000088800000, 0x0000000088800000| Complete 
| 111|0x0000000088900000, 0x0000000088a00000, 0x0000000088a00000|100%| E|CS|TAMS 0x0000000088900000, 0x0000000088900000| Complete 
| 112|0x0000000088a00000, 0x0000000088b00000, 0x0000000088b00000|100%| E|CS|TAMS 0x0000000088a00000, 0x0000000088a00000| Complete 
| 113|0x0000000088b00000, 0x0000000088c00000, 0x0000000088c00000|100%| E|CS|TAMS 0x0000000088b00000, 0x0000000088b00000| Complete 
| 114|0x0000000088c00000, 0x0000000088d00000, 0x0000000088d00000|100%| E|CS|TAMS 0x0000000088c00000, 0x0000000088c00000| Complete 
| 115|0x0000000088d00000, 0x0000000088e00000, 0x0000000088e00000|100%| E|CS|TAMS 0x0000000088d00000, 0x0000000088d00000| Complete 
| 116|0x0000000088e00000, 0x0000000088f00000, 0x0000000088f00000|100%| E|CS|TAMS 0x0000000088e00000, 0x0000000088e00000| Complete 
| 117|0x0000000088f00000, 0x0000000089000000, 0x0000000089000000|100%| E|CS|TAMS 0x0000000088f00000, 0x0000000088f00000| Complete 
| 118|0x0000000089000000, 0x0000000089100000, 0x0000000089100000|100%| E|CS|TAMS 0x0000000089000000, 0x0000000089000000| Complete 
| 119|0x0000000089100000, 0x0000000089200000, 0x0000000089200000|100%| E|CS|TAMS 0x0000000089100000, 0x0000000089100000| Complete 
| 120|0x0000000089200000, 0x0000000089300000, 0x0000000089300000|100%| E|CS|TAMS 0x0000000089200000, 0x0000000089200000| Complete 
| 121|0x0000000089300000, 0x0000000089400000, 0x0000000089400000|100%| E|CS|TAMS 0x0000000089300000, 0x0000000089300000| Complete 
| 122|0x0000000089400000, 0x0000000089500000, 0x0000000089500000|100%| E|CS|TAMS 0x0000000089400000, 0x0000000089400000| Complete 
| 123|0x0000000089500000, 0x0000000089600000, 0x0000000089600000|100%| E|CS|TAMS 0x0000000089500000, 0x0000000089500000| Complete 
| 124|0x0000000089600000, 0x0000000089700000, 0x0000000089700000|100%| E|CS|TAMS 0x0000000089600000, 0x0000000089600000| Complete 
| 125|0x0000000089700000, 0x0000000089800000, 0x0000000089800000|100%| E|CS|TAMS 0x0000000089700000, 0x0000000089700000| Complete 
| 126|0x0000000089800000, 0x0000000089900000, 0x0000000089900000|100%| E|CS|TAMS 0x0000000089800000, 0x0000000089800000| Complete 
| 127|0x0000000089900000, 0x0000000089a00000, 0x0000000089a00000|100%| E|CS|TAMS 0x0000000089900000, 0x0000000089900000| Complete 

Card table byte_map: [0x000001c855170000,0x000001c855570000] _byte_map_base: 0x000001c854d63000

Marking Bits (Prev, Next): (CMBitMap*) 0x000001c83d30e520, (CMBitMap*) 0x000001c83d30e4e8
 Prev Bits: [0x000001c857910000, 0x000001c8598a8000)
 Next Bits: [0x000001c855970000, 0x000001c857908000)

Polling page: 0x000001c83b2e0000

Metaspace:

Usage:
  Non-class:     29.71 MB capacity,    29.19 MB ( 98%) used,   409.26 KB (  1%) free+waste,   120.44 KB ( <1%) overhead. 
      Class:      4.28 MB capacity,     3.84 MB ( 90%) used,   385.82 KB (  9%) free+waste,    59.19 KB (  1%) overhead. 
       Both:     33.98 MB capacity,    33.03 MB ( 97%) used,   795.08 KB (  2%) free+waste,   179.63 KB ( <1%) overhead. 

Virtual space:
  Non-class space:       30.00 MB reserved,      29.92 MB (>99%) committed 
      Class space:        1.00 GB reserved,       4.38 MB ( <1%) committed 
             Both:        1.03 GB reserved,      34.30 MB (  3%) committed 

Chunk freelists:
   Non-Class:  0 bytes
       Class:  3.00 KB
        Both:  3.00 KB

MaxMetaspaceSize: 17179869184.00 GB
CompressedClassSpaceSize: 1.00 GB
Initial GC threshold: 20.80 MB
Current GC threshold: 35.08 MB
CDS: off

CodeHeap 'non-profiled nmethods': size=120000Kb used=2875Kb max_used=2875Kb free=117124Kb
 bounds [0x000001c84d510000, 0x000001c84d7e0000, 0x000001c854a40000]
CodeHeap 'profiled nmethods': size=120000Kb used=11767Kb max_used=11767Kb free=108232Kb
 bounds [0x000001c845fe0000, 0x000001c846b60000, 0x000001c84d510000]
CodeHeap 'non-nmethods': size=5760Kb used=1516Kb max_used=1574Kb free=4243Kb
 bounds [0x000001c845a40000, 0x000001c845cb0000, 0x000001c845fe0000]
 total_blobs=6461 nmethods=5584 adapters=789
 compilation: enabled
              stopped_count=0, restarted_count=0
 full_count=0

Compilation events (20 events):
Event: 194.665 Thread 0x000001c85c344800 5578       4       java.lang.invoke.VarHandleGuards::guard_LLL_Z (70 bytes)
Event: 194.665 Thread 0x000001c85c348800 5580       3       org.h2.mvstore.MVMap::flushAndGetRoot (28 bytes)
Event: 194.665 Thread 0x000001c85c348800 nmethod 5580 0x000001c846b5bc10 code [0x000001c846b5bde0, 0x000001c846b5c208]
Event: 194.665 Thread 0x000001c85c348800 5582       3       org.h2.result.DefaultRow::getValue (22 bytes)
Event: 194.666 Thread 0x000001c85c348800 nmethod 5582 0x000001c846b5c390 code [0x000001c846b5c560, 0x000001c846b5c708]
Event: 194.666 Thread 0x000001c85c348800 5581       1       org.h2.value.ValueInteger::getInt (5 bytes)
Event: 194.666 Thread 0x000001c85c348800 nmethod 5581 0x000001c84d7de010 code [0x000001c84d7de1c0, 0x000001c84d7de278]
Event: 194.666 Thread 0x000001c85c348800 5584       3       org.h2.mvstore.WriteBuffer::put (12 bytes)
Event: 194.666 Thread 0x000001c85c348800 nmethod 5584 0x000001c846b5c810 code [0x000001c846b5ca00, 0x000001c846b5cd78]
Event: 194.666 Thread 0x000001c85c348800 5583       3       org.h2.mvstore.WriteBuffer::position (8 bytes)
Event: 194.666 Thread 0x000001c85c348800 nmethod 5583 0x000001c846b5cf10 code [0x000001c846b5d0c0, 0x000001c846b5d1d8]
Event: 194.667 Thread 0x000001c85c344800 nmethod 5578 0x000001c84d7de310 code [0x000001c84d7de4c0, 0x000001c84d7de648]
Event: 194.667 Thread 0x000001c85c344800 5579       4       java.lang.invoke.VarHandleObjects$FieldInstanceReadWrite::compareAndSet (38 bytes)
Event: 194.669 Thread 0x000001c85c344800 nmethod 5579 0x000001c84d7de890 code [0x000001c84d7dea20, 0x000001c84d7ded58]
Event: 194.682 Thread 0x000001c85c348800 5585       3       org.h2.mvstore.Page$Leaf::getValue (18 bytes)
Event: 194.682 Thread 0x000001c85c348800 nmethod 5585 0x000001c846b5d290 code [0x000001c846b5d440, 0x000001c846b5d5d8]
Event: 194.683 Thread 0x000001c85c348800 5586       3       org.h2.mvstore.Page::binarySearch (45 bytes)
Event: 194.683 Thread 0x000001c85c348800 nmethod 5586 0x000001c846b5d690 code [0x000001c846b5d860, 0x000001c846b5db08]
Event: 194.683 Thread 0x000001c85c348800 5587       3       java.util.BitSet::wordIndex (5 bytes)
Event: 194.683 Thread 0x000001c85c348800 nmethod 5587 0x000001c846b5dc90 code [0x000001c846b5de40, 0x000001c846b5df18]

GC Heap History (6 events):
Event: 0.591 GC heap before
{Heap before GC invocations=0 (full 0):
 garbage-first heap   total 131072K, used 23552K [0x0000000081a00000, 0x0000000100000000)
  region size 1024K, 24 young (24576K), 0 survivors (0K)
 Metaspace       used 9252K, capacity 9522K, committed 9728K, reserved 1058816K
  class space    used 887K, capacity 963K, committed 1024K, reserved 1048576K
}
Event: 0.595 GC heap after
{Heap after GC invocations=1 (full 0):
 garbage-first heap   total 131072K, used 4279K [0x0000000081a00000, 0x0000000100000000)
  region size 1024K, 3 young (3072K), 3 survivors (3072K)
 Metaspace       used 9252K, capacity 9522K, committed 9728K, reserved 1058816K
  class space    used 887K, capacity 963K, committed 1024K, reserved 1048576K
}
Event: 1.301 GC heap before
{Heap before GC invocations=1 (full 0):
 garbage-first heap   total 131072K, used 39095K [0x0000000081a00000, 0x0000000100000000)
  region size 1024K, 39 young (39936K), 3 survivors (3072K)
 Metaspace       used 20543K, capacity 21141K, committed 21296K, reserved 1069056K
  class space    used 2372K, capacity 2643K, committed 2688K, reserved 1048576K
}
Event: 1.309 GC heap after
{Heap after GC invocations=2 (full 0):
 garbage-first heap   total 131072K, used 9775K [0x0000000081a00000, 0x0000000100000000)
  region size 1024K, 9 young (9216K), 9 survivors (9216K)
 Metaspace       used 20543K, capacity 21141K, committed 21296K, reserved 1069056K
  class space    used 2372K, capacity 2643K, committed 2688K, reserved 1048576K
}
Event: 12.080 GC heap before
{Heap before GC invocations=3 (full 0):
 garbage-first heap   total 131072K, used 51759K [0x0000000081a00000, 0x0000000100000000)
  region size 1024K, 47 young (48128K), 9 survivors (9216K)
 Metaspace       used 30842K, capacity 31762K, committed 32048K, reserved 1077248K
  class space    used 3712K, capacity 4108K, committed 4224K, reserved 1048576K
}
Event: 12.089 GC heap after
{Heap after GC invocations=4 (full 0):
 garbage-first heap   total 131072K, used 17139K [0x0000000081a00000, 0x0000000100000000)
  region size 1024K, 4 young (4096K), 4 survivors (4096K)
 Metaspace       used 30842K, capacity 31762K, committed 32048K, reserved 1077248K
  class space    used 3712K, capacity 4108K, committed 4224K, reserved 1048576K
}

Deoptimization events (20 events):
Event: 194.463 Thread 0x000001c8667a1000 Uncommon trap: trap_request=0xffffff4d fr.pc=0x000001c84d697ed0 relative=0x00000000000000b0
Event: 194.463 Thread 0x000001c8667a1000 Uncommon trap: reason=unstable_if action=reinterpret pc=0x000001c84d697ed0 method=java.util.concurrent.locks.ReentrantLock$Sync.tryRelease(I)Z @ 28 c2
Event: 194.463 Thread 0x000001c8667a1000 DEOPT PACKING pc=0x000001c84d697ed0 sp=0x0000003146bfd400
Event: 194.463 Thread 0x000001c8667a1000 DEOPT UNPACKING pc=0x000001c845a8a1af sp=0x0000003146bfd3a0 mode 2
Event: 194.463 Thread 0x000001c85d7b5000 Uncommon trap: trap_request=0xffffff4d fr.pc=0x000001c84d73b8d8 relative=0x0000000000000738
Event: 194.463 Thread 0x000001c85d7b5000 Uncommon trap: reason=unstable_if action=reinterpret pc=0x000001c84d73b8d8 method=java.util.concurrent.locks.AbstractQueuedSynchronizer$ConditionObject.checkInterruptWhileWaiting(Ljava/util/concurrent/locks/AbstractQueuedSynchronizer$Node;)I @ 3 c2
Event: 194.463 Thread 0x000001c85d7b5000 DEOPT PACKING pc=0x000001c84d73b8d8 sp=0x00000031466ff000
Event: 194.463 Thread 0x000001c85d7b5000 DEOPT UNPACKING pc=0x000001c845a8a1af sp=0x00000031466fef68 mode 2
Event: 194.664 Thread 0x000001c8667a4000 Uncommon trap: trap_request=0xffffff4d fr.pc=0x000001c84d69b8d4 relative=0x0000000000000134
Event: 194.664 Thread 0x000001c8667a4000 Uncommon trap: reason=unstable_if action=reinterpret pc=0x000001c84d69b8d4 method=java.util.concurrent.locks.ReentrantLock$Sync.nonfairTryAcquire(I)Z @ 10 c2
Event: 194.664 Thread 0x000001c8667a4000 DEOPT PACKING pc=0x000001c84d69b8d4 sp=0x0000003146efeee0
Event: 194.664 Thread 0x000001c8667a4000 DEOPT UNPACKING pc=0x000001c845a8a1af sp=0x0000003146efee98 mode 2
Event: 194.673 Thread 0x000001c85e819800 Uncommon trap: trap_request=0xffffffde fr.pc=0x000001c84d7391a8 relative=0x00000000000002e8
Event: 194.673 Thread 0x000001c85e819800 Uncommon trap: reason=class_check action=maybe_recompile pc=0x000001c84d7391a8 method=java.util.concurrent.locks.AbstractQueuedSynchronizer.acquireQueued(Ljava/util/concurrent/locks/AbstractQueuedSynchronizer$Node;I)Z @ 19 c2
Event: 194.673 Thread 0x000001c85e819800 DEOPT PACKING pc=0x000001c84d7391a8 sp=0x00000031477ff360
Event: 194.673 Thread 0x000001c85e819800 DEOPT UNPACKING pc=0x000001c845a8a1af sp=0x00000031477ff310 mode 2
Event: 194.679 Thread 0x000001c8667a4000 Uncommon trap: trap_request=0xffffff4d fr.pc=0x000001c84d697a7c relative=0x00000000000000bc
Event: 194.679 Thread 0x000001c8667a4000 Uncommon trap: reason=unstable_if action=reinterpret pc=0x000001c84d697a7c method=java.util.concurrent.locks.AbstractQueuedSynchronizer.release(I)Z @ 5 c2
Event: 194.679 Thread 0x000001c8667a4000 DEOPT PACKING pc=0x000001c84d697a7c sp=0x0000003146efef50
Event: 194.679 Thread 0x000001c8667a4000 DEOPT UNPACKING pc=0x000001c845a8a1af sp=0x0000003146efeed8 mode 2

Classes redefined (0 events):
No events

Internal exceptions (20 events):
Event: 3.230 Thread 0x000001c85ddf8000 Exception <a 'sun/nio/fs/WindowsException'{0x00000000885c3ec8}> (0x00000000885c3ec8) thrown at [./src/hotspot/share/prims/jni.cpp, line 617]
Event: 3.239 Thread 0x000001c85ddf8000 Exception <a 'java/lang/NoSuchMethodError'{0x00000000884171b8}: 'void java.lang.invoke.DirectMethodHandle$Holder.invokeStaticInit(java.lang.Object, java.lang.Object, java.lang.Object, java.lang.Object, java.lang.Object)'> (0x00000000884171b8) thrown at [./src/hotspot/share/interpreter/linkResolver.cpp, line 773]
Event: 3.269 Thread 0x000001c85ddf8000 Exception <a 'java/lang/NoSuchMethodError'{0x000000008813d0d0}: 'java.lang.Object java.lang.invoke.DirectMethodHandle$Holder.newInvokeSpecial(java.lang.Object, java.lang.Object, java.lang.Object)'> (0x000000008813d0d0) thrown at [./src/hotspot/share/interpreter/linkResolver.cpp, line 773]
Event: 3.324 Thread 0x000001c85ddf8000 Exception <a 'java/lang/NoSuchMethodError'{0x0000000087be06e0}: 'void java.lang.invoke.DirectMethodHandle$Holder.invokeSpecial(java.lang.Object, java.lang.Object, long)'> (0x0000000087be06e0) thrown at [./src/hotspot/share/interpreter/linkResolver.cpp, line 773]
Event: 3.333 Thread 0x000001c85ddf8000 Exception <a 'java/lang/NoSuchMethodError'{0x0000000087a787d8}: 'int java.lang.invoke.DirectMethodHandle$Holder.invokeVirtual(java.lang.Object, java.lang.Object)'> (0x0000000087a787d8) thrown at [./src/hotspot/share/interpreter/linkResolver.cpp, line 773]
Event: 3.342 Thread 0x000001c85ddf8000 Exception <a 'java/lang/NullPointerException'{0x000000008790b078}> (0x000000008790b078) thrown at [./src/hotspot/share/interpreter/linkResolver.cpp, line 1358]
Event: 16.156 Thread 0x000001c85ddf8000 Exception <a 'java/lang/NoSuchMethodError'{0x0000000089899998}: 'java.lang.Object java.lang.invoke.DirectMethodHandle$Holder.invokeStatic(java.lang.Object, java.lang.Object, int, int, int, int, int, java.lang.Object)'> (0x0000000089899998) thrown at [./src/hotspot/share/interpreter/linkResolver.cpp, line 773]
Event: 16.156 Thread 0x000001c85ddf8000 Exception <a 'java/lang/NoSuchMethodError'{0x00000000898aa8b0}: 'java.lang.Object java.lang.invoke.DirectMethodHandle$Holder.invokeStatic(java.lang.Object, java.lang.Object, java.lang.Object, int, int, int, int, int)'> (0x00000000898aa8b0) thrown at [./src/hotspot/share/interpreter/linkResolver.cpp, line 773]
Event: 16.157 Thread 0x000001c85ddf8000 Exception <a 'java/lang/NoSuchMethodError'{0x00000000898b1670}: 'java.lang.Object java.lang.invoke.Invokers$Holder.linkToTargetMethod(java.lang.Object, java.lang.Object, int, int, int, int, int, java.lang.Object)'> (0x00000000898b1670) thrown at [./src/hotspot/share/interpreter/linkResolver.cpp, line 773]
Event: 40.171 Thread 0x000001c85d7b5000 Exception <a 'java/lang/NoSuchMethodError'{0x00000000894a4730}: 'java.lang.Object java.lang.invoke.DirectMethodHandle$Holder.invokeStaticInit(java.lang.Object, int)'> (0x00000000894a4730) thrown at [./src/hotspot/share/interpreter/linkResolver.cpp, line 773]
Event: 173.934 Thread 0x000001c85ddf8000 Exception <a 'java/lang/NoSuchMethodError'{0x0000000087a01e10}: 'java.lang.Object java.lang.invoke.DirectMethodHandle$Holder.invokeStatic(java.lang.Object, int, int, int, int)'> (0x0000000087a01e10) thrown at [./src/hotspot/share/interpreter/linkResolver.cpp, line 773]
Event: 173.934 Thread 0x000001c85ddf8000 Exception <a 'java/lang/NoSuchMethodError'{0x0000000087a05488}: 'java.lang.Object java.lang.invoke.DirectMethodHandle$Holder.invokeStaticInit(java.lang.Object, int, int, int, int)'> (0x0000000087a05488) thrown at [./src/hotspot/share/interpreter/linkResolver.cpp, line 773]
Event: 174.105 Thread 0x000001c85ddf8000 Exception <a 'java/lang/NoSuchMethodError'{0x0000000087a5f060}: 'java.lang.Object java.lang.invoke.DirectMethodHandle$Holder.invokeStatic(java.lang.Object, java.lang.Object, int, int, int, int)'> (0x0000000087a5f060) thrown at [./src/hotspot/share/interpreter/linkResolver.cpp, line 773]
Event: 174.105 Thread 0x000001c85ddf8000 Exception <a 'java/lang/NoSuchMethodError'{0x0000000087a62908}: 'java.lang.Object java.lang.invoke.DirectMethodHandle$Holder.invokeStaticInit(java.lang.Object, java.lang.Object, int, int, int, int)'> (0x0000000087a62908) thrown at [./src/hotspot/share/interpreter/linkResolver.cpp, line 773]
Event: 174.207 Thread 0x000001c85ddf8000 Implicit null exception at 0x000001c84d633077 to 0x000001c84d63367c
Event: 174.207 Thread 0x000001c85ddf8000 Exception <a 'sun/nio/fs/WindowsException'{0x000000008792a770}> (0x000000008792a770) thrown at [./src/hotspot/share/prims/jni.cpp, line 617]
Event: 174.208 Thread 0x000001c85ddf8000 Exception <a 'sun/nio/fs/WindowsException'{0x000000008792ba40}> (0x000000008792ba40) thrown at [./src/hotspot/share/prims/jni.cpp, line 617]
Event: 186.937 Thread 0x000001c85ddf8000 Implicit null exception at 0x000001c84d6fc53c to 0x000001c84d6fc81c
Event: 186.937 Thread 0x000001c85ddf8000 Implicit null exception at 0x000001c84d70665d to 0x000001c84d706bdc
Event: 194.463 Thread 0x000001c8667a1000 Exception <a 'java/lang/IllegalStateException'{0x0000000086d35c88}> (0x0000000086d35c88) thrown at [./src/hotspot/share/prims/jvm.cpp, line 1310]

Events (20 events):
Event: 194.683 loading class org/h2/mvstore/Chunk
Event: 194.683 loading class org/h2/mvstore/Chunk done
Event: 194.685 Executing VM operation: RevokeBias
Event: 194.685 Executing VM operation: RevokeBias done
Event: 194.685 Executing VM operation: RevokeBias
Event: 194.685 Executing VM operation: RevokeBias done
Event: 194.686 Executing VM operation: RevokeBias
Event: 194.686 Executing VM operation: RevokeBias done
Event: 194.686 Executing VM operation: RevokeBias
Event: 194.687 Executing VM operation: RevokeBias done
Event: 194.687 Executing VM operation: RevokeBias
Event: 194.687 Executing VM operation: RevokeBias done
Event: 194.687 Executing VM operation: RevokeBias
Event: 194.687 Executing VM operation: RevokeBias done
Event: 194.687 Executing VM operation: RevokeBias
Event: 194.688 Executing VM operation: RevokeBias done
Event: 194.688 Executing VM operation: RevokeBias
Event: 194.688 Executing VM operation: RevokeBias done
Event: 194.688 Thread 0x000001c8667a4000 Thread exited: 0x000001c8667a4000
Event: 194.688 Executing VM operation: Exit


Dynamic libraries:
0x00007ff707e80000 - 0x00007ff707e8d000 	C:\Program Files\Amazon Corretto\jdk11.0.17_8\bin\java.exe
0x00007ffc8ddb0000 - 0x00007ffc8dfa8000 	C:\WINDOWS\SYSTEM32\ntdll.dll
0x00007ffc8cec0000 - 0x00007ffc8cf7f000 	C:\WINDOWS\System32\KERNEL32.DLL
0x00007ffc8b490000 - 0x00007ffc8b786000 	C:\WINDOWS\System32\KERNELBASE.dll
0x00007ffc8bc50000 - 0x00007ffc8bd50000 	C:\WINDOWS\System32\ucrtbase.dll
0x00007ffc84050000 - 0x00007ffc84069000 	C:\Program Files\Amazon Corretto\jdk11.0.17_8\bin\VCRUNTIME140.dll
0x00007ffc7db40000 - 0x00007ffc7db57000 	C:\Program Files\Amazon Corretto\jdk11.0.17_8\bin\jli.dll
0x00007ffc8d870000 - 0x00007ffc8da0d000 	C:\WINDOWS\System32\USER32.dll
0x00007ffc8bde0000 - 0x00007ffc8be02000 	C:\WINDOWS\System32\win32u.dll
0x00007ffc7b8b0000 - 0x00007ffc7bb4a000 	C:\WINDOWS\WinSxS\amd64_microsoft.windows.common-controls_6595b64144ccf1df_6.0.19041.1110_none_60b5254171f9507e\COMCTL32.dll
0x00007ffc8dae0000 - 0x00007ffc8db0c000 	C:\WINDOWS\System32\GDI32.dll
0x00007ffc8be10000 - 0x00007ffc8beae000 	C:\WINDOWS\System32\msvcrt.dll
0x00007ffc8b880000 - 0x00007ffc8b995000 	C:\WINDOWS\System32\gdi32full.dll
0x00007ffc8b7e0000 - 0x00007ffc8b87d000 	C:\WINDOWS\System32\msvcp_win.dll
0x00007ffc8db10000 - 0x00007ffc8db40000 	C:\WINDOWS\System32\IMM32.DLL
0x00007ffc6db20000 - 0x00007ffc6dbbb000 	C:\Program Files\Amazon Corretto\jdk11.0.17_8\bin\msvcp140.dll
0x00007ffc45940000 - 0x00007ffc464c5000 	C:\Program Files\Amazon Corretto\jdk11.0.17_8\bin\server\jvm.dll
0x00007ffc8da10000 - 0x00007ffc8dabf000 	C:\WINDOWS\System32\ADVAPI32.dll
0x00007ffc8beb0000 - 0x00007ffc8bf4c000 	C:\WINDOWS\System32\sechost.dll
0x00007ffc8c3c0000 - 0x00007ffc8c4e6000 	C:\WINDOWS\System32\RPCRT4.dll
0x00007ffc8c350000 - 0x00007ffc8c358000 	C:\WINDOWS\System32\PSAPI.DLL
0x00007ffc7cef0000 - 0x00007ffc7cef9000 	C:\WINDOWS\SYSTEM32\WSOCK32.dll
0x00007ffc85c70000 - 0x00007ffc85c97000 	C:\WINDOWS\SYSTEM32\WINMM.dll
0x00007ffc83bb0000 - 0x00007ffc83bba000 	C:\WINDOWS\SYSTEM32\VERSION.dll
0x00007ffc8ce50000 - 0x00007ffc8cebb000 	C:\WINDOWS\System32\WS2_32.dll
0x00007ffc89d70000 - 0x00007ffc89d82000 	C:\WINDOWS\SYSTEM32\kernel.appcore.dll
0x00007ffc81b40000 - 0x00007ffc81b50000 	C:\Program Files\Amazon Corretto\jdk11.0.17_8\bin\verify.dll
0x00007ffc89320000 - 0x00007ffc89504000 	C:\WINDOWS\SYSTEM32\DBGHELP.DLL
0x00007ffc82bd0000 - 0x00007ffc82c04000 	C:\WINDOWS\SYSTEM32\dbgcore.DLL
0x00007ffc8bd50000 - 0x00007ffc8bdd2000 	C:\WINDOWS\System32\bcryptPrimitives.dll
0x00007ffc7b2f0000 - 0x00007ffc7b318000 	C:\Program Files\Amazon Corretto\jdk11.0.17_8\bin\java.dll
0x00007ffc7f8a0000 - 0x00007ffc7f8aa000 	C:\Program Files\Amazon Corretto\jdk11.0.17_8\bin\jimage.dll
0x00007ffc843f0000 - 0x00007ffc843fe000 	C:\Program Files\Amazon Corretto\jdk11.0.17_8\bin\instrument.dll
0x00007ffc7b870000 - 0x00007ffc7b888000 	C:\Program Files\Amazon Corretto\jdk11.0.17_8\bin\zip.dll
0x00007ffc8cf80000 - 0x00007ffc8d6c4000 	C:\WINDOWS\System32\SHELL32.dll
0x00007ffc89530000 - 0x00007ffc89cc3000 	C:\WINDOWS\SYSTEM32\windows.storage.dll
0x00007ffc8c550000 - 0x00007ffc8c8a4000 	C:\WINDOWS\System32\combase.dll
0x00007ffc8aef0000 - 0x00007ffc8af1e000 	C:\WINDOWS\SYSTEM32\Wldp.dll
0x00007ffc8bfe0000 - 0x00007ffc8c08d000 	C:\WINDOWS\System32\SHCORE.dll
0x00007ffc8d800000 - 0x00007ffc8d855000 	C:\WINDOWS\System32\shlwapi.dll
0x00007ffc8b3d0000 - 0x00007ffc8b3ef000 	C:\WINDOWS\SYSTEM32\profapi.dll
0x00007ffc72b00000 - 0x00007ffc72b19000 	C:\Program Files\Amazon Corretto\jdk11.0.17_8\bin\net.dll
0x00007ffc82030000 - 0x00007ffc8213a000 	C:\WINDOWS\SYSTEM32\WINHTTP.dll
0x00007ffc8ac50000 - 0x00007ffc8acba000 	C:\WINDOWS\system32\mswsock.dll
0x00007ffc71940000 - 0x00007ffc71953000 	C:\Program Files\Amazon Corretto\jdk11.0.17_8\bin\nio.dll
0x00007ffc71900000 - 0x00007ffc7191a000 	D:\IntelliJ IDEA Community Edition 2022.2.3\bin\breakgen64.dll
0x000001c85ea30000 - 0x000001c85ea33000 	C:\Users\andre\.openjfx\cache\17.0.2-ea\api-ms-win-core-console-l1-1-0.dll
0x000001c85ea40000 - 0x000001c85ea43000 	C:\Users\andre\.openjfx\cache\17.0.2-ea\api-ms-win-core-console-l1-2-0.dll
0x000001c85ea50000 - 0x000001c85ea53000 	C:\Users\andre\.openjfx\cache\17.0.2-ea\api-ms-win-core-datetime-l1-1-0.dll
0x000001c85ea60000 - 0x000001c85ea63000 	C:\Users\andre\.openjfx\cache\17.0.2-ea\api-ms-win-core-debug-l1-1-0.dll
0x000001c85ea70000 - 0x000001c85ea73000 	C:\Users\andre\.openjfx\cache\17.0.2-ea\api-ms-win-core-errorhandling-l1-1-0.dll
0x000001c85ea80000 - 0x000001c85ea84000 	C:\Users\andre\.openjfx\cache\17.0.2-ea\api-ms-win-core-file-l1-1-0.dll
0x000001c85ea90000 - 0x000001c85ea93000 	C:\Users\andre\.openjfx\cache\17.0.2-ea\api-ms-win-core-file-l1-2-0.dll
0x000001c85eaa0000 - 0x000001c85eaa3000 	C:\Users\andre\.openjfx\cache\17.0.2-ea\api-ms-win-core-file-l2-1-0.dll
0x000001c85eab0000 - 0x000001c85eab3000 	C:\Users\andre\.openjfx\cache\17.0.2-ea\api-ms-win-core-handle-l1-1-0.dll
0x000001c85eac0000 - 0x000001c85eac3000 	C:\Users\andre\.openjfx\cache\17.0.2-ea\api-ms-win-core-heap-l1-1-0.dll
0x000001c85ead0000 - 0x000001c85ead3000 	C:\Users\andre\.openjfx\cache\17.0.2-ea\api-ms-win-core-interlocked-l1-1-0.dll
0x000001c85eae0000 - 0x000001c85eae3000 	C:\Users\andre\.openjfx\cache\17.0.2-ea\api-ms-win-core-libraryloader-l1-1-0.dll
0x000001c85eaf0000 - 0x000001c85eaf3000 	C:\Users\andre\.openjfx\cache\17.0.2-ea\api-ms-win-core-localization-l1-2-0.dll
0x000001c85eb00000 - 0x000001c85eb03000 	C:\Users\andre\.openjfx\cache\17.0.2-ea\api-ms-win-core-memory-l1-1-0.dll
0x000001c85eb10000 - 0x000001c85eb13000 	C:\Users\andre\.openjfx\cache\17.0.2-ea\api-ms-win-core-namedpipe-l1-1-0.dll
0x000001c85eb20000 - 0x000001c85eb23000 	C:\Users\andre\.openjfx\cache\17.0.2-ea\api-ms-win-core-processenvironment-l1-1-0.dll
0x000001c85eb30000 - 0x000001c85eb33000 	C:\Users\andre\.openjfx\cache\17.0.2-ea\api-ms-win-core-processthreads-l1-1-0.dll
0x000001c85eb40000 - 0x000001c85eb43000 	C:\Users\andre\.openjfx\cache\17.0.2-ea\api-ms-win-core-processthreads-l1-1-1.dll
0x000001c85eb50000 - 0x000001c85eb53000 	C:\Users\andre\.openjfx\cache\17.0.2-ea\api-ms-win-core-profile-l1-1-0.dll
0x000001c85eb60000 - 0x000001c85eb63000 	C:\Users\andre\.openjfx\cache\17.0.2-ea\api-ms-win-core-rtlsupport-l1-1-0.dll
0x000001c85eb70000 - 0x000001c85eb73000 	C:\Users\andre\.openjfx\cache\17.0.2-ea\api-ms-win-core-string-l1-1-0.dll
0x000001c85eb80000 - 0x000001c85eb83000 	C:\Users\andre\.openjfx\cache\17.0.2-ea\api-ms-win-core-synch-l1-1-0.dll
0x000001c85eb90000 - 0x000001c85eb93000 	C:\Users\andre\.openjfx\cache\17.0.2-ea\api-ms-win-core-synch-l1-2-0.dll
0x000001c85eba0000 - 0x000001c85eba3000 	C:\Users\andre\.openjfx\cache\17.0.2-ea\api-ms-win-core-sysinfo-l1-1-0.dll
0x000001c85ebb0000 - 0x000001c85ebb3000 	C:\Users\andre\.openjfx\cache\17.0.2-ea\api-ms-win-core-timezone-l1-1-0.dll
0x000001c85ebc0000 - 0x000001c85ebc3000 	C:\Users\andre\.openjfx\cache\17.0.2-ea\api-ms-win-core-util-l1-1-0.dll
0x000001c85ebd0000 - 0x000001c85ebd3000 	C:\Users\andre\.openjfx\cache\17.0.2-ea\api-ms-win-crt-conio-l1-1-0.dll
0x000001c85ebe0000 - 0x000001c85ebe4000 	C:\Users\andre\.openjfx\cache\17.0.2-ea\api-ms-win-crt-convert-l1-1-0.dll
0x000001c85ebf0000 - 0x000001c85ebf3000 	C:\Users\andre\.openjfx\cache\17.0.2-ea\api-ms-win-crt-environment-l1-1-0.dll
0x000001c85ec00000 - 0x000001c85ec03000 	C:\Users\andre\.openjfx\cache\17.0.2-ea\api-ms-win-crt-filesystem-l1-1-0.dll
0x000001c85ec10000 - 0x000001c85ec13000 	C:\Users\andre\.openjfx\cache\17.0.2-ea\api-ms-win-crt-heap-l1-1-0.dll
0x000001c85ec20000 - 0x000001c85ec23000 	C:\Users\andre\.openjfx\cache\17.0.2-ea\api-ms-win-crt-locale-l1-1-0.dll
0x000001c85ec30000 - 0x000001c85ec35000 	C:\Users\andre\.openjfx\cache\17.0.2-ea\api-ms-win-crt-math-l1-1-0.dll
0x000001c85ec40000 - 0x000001c85ec45000 	C:\Users\andre\.openjfx\cache\17.0.2-ea\api-ms-win-crt-multibyte-l1-1-0.dll
0x000001c85ec50000 - 0x000001c85ec60000 	C:\Users\andre\.openjfx\cache\17.0.2-ea\api-ms-win-crt-private-l1-1-0.dll
0x000001c85ec60000 - 0x000001c85ec63000 	C:\Users\andre\.openjfx\cache\17.0.2-ea\api-ms-win-crt-process-l1-1-0.dll
0x000001c85ec70000 - 0x000001c85ec74000 	C:\Users\andre\.openjfx\cache\17.0.2-ea\api-ms-win-crt-runtime-l1-1-0.dll
0x000001c85ec80000 - 0x000001c85ec84000 	C:\Users\andre\.openjfx\cache\17.0.2-ea\api-ms-win-crt-stdio-l1-1-0.dll
0x000001c85ec90000 - 0x000001c85ec94000 	C:\Users\andre\.openjfx\cache\17.0.2-ea\api-ms-win-crt-string-l1-1-0.dll
0x000001c85eca0000 - 0x000001c85eca3000 	C:\Users\andre\.openjfx\cache\17.0.2-ea\api-ms-win-crt-time-l1-1-0.dll
0x000001c85ecb0000 - 0x000001c85ecb3000 	C:\Users\andre\.openjfx\cache\17.0.2-ea\api-ms-win-crt-utility-l1-1-0.dll
0x00007ffc4f510000 - 0x00007ffc4f60c000 	C:\Users\andre\.openjfx\cache\17.0.2-ea\ucrtbase.dll
0x00007ffc6db00000 - 0x00007ffc6db1a000 	C:\Users\andre\.openjfx\cache\17.0.2-ea\vcruntime140.dll
0x00007ffc726d0000 - 0x00007ffc726dc000 	C:\Users\andre\.openjfx\cache\17.0.2-ea\vcruntime140_1.dll
0x00007ffc5ef10000 - 0x00007ffc5ef9d000 	C:\Users\andre\.openjfx\cache\17.0.2-ea\msvcp140.dll
0x00007ffc656f0000 - 0x00007ffc6571a000 	C:\Users\andre\.openjfx\cache\17.0.2-ea\prism_d3d.dll
0x00007ffc81ca0000 - 0x00007ffc81e6d000 	C:\WINDOWS\system32\d3d9.dll
0x00007ffc88ea0000 - 0x00007ffc88ecf000 	C:\WINDOWS\SYSTEM32\dwmapi.dll
0x00007ffc88ab0000 - 0x00007ffc88b4e000 	C:\WINDOWS\system32\uxtheme.dll
0x00007ffc6a670000 - 0x00007ffc6a790000 	C:\WINDOWS\System32\DriverStore\FileRepository\iigd_dch.inf_amd64_b261b2ab559fdee8\igdgmm64.dll
0x00007ffc1d6f0000 - 0x00007ffc21301000 	C:\WINDOWS\System32\DriverStore\FileRepository\iigd_dch.inf_amd64_b261b2ab559fdee8\igd9dxva64.dll
0x00007ffc8d6d0000 - 0x00007ffc8d7fa000 	C:\WINDOWS\System32\OLE32.dll
0x00007ffc8c090000 - 0x00007ffc8c15d000 	C:\WINDOWS\System32\OLEAUT32.dll
0x00007ffc63e80000 - 0x00007ffc63ec2000 	C:\Users\andre\.openjfx\cache\17.0.2-ea\glass.dll
0x00007ffc8c270000 - 0x00007ffc8c34a000 	C:\WINDOWS\System32\COMDLG32.dll
0x00007ffc8cd30000 - 0x00007ffc8ce44000 	C:\WINDOWS\System32\MSCTF.dll
0x00007ffc67eb0000 - 0x00007ffc67eeb000 	C:\WINDOWS\SYSTEM32\dxcore.dll
0x00007ffc8b790000 - 0x00007ffc8b7de000 	C:\WINDOWS\System32\cfgmgr32.dll
0x00007ffc66ab0000 - 0x00007ffc66ac4000 	C:\Users\andre\.openjfx\cache\17.0.2-ea\javafx_font.dll
0x00007ffc600f0000 - 0x00007ffc6036f000 	C:\WINDOWS\SYSTEM32\dwrite.dll
0x00007ffc8c1c0000 - 0x00007ffc8c269000 	C:\WINDOWS\System32\clbcatq.dll
0x00007ffc6cc00000 - 0x00007ffc6cdb4000 	C:\WINDOWS\SYSTEM32\WindowsCodecs.dll
0x00007ffc8b9a0000 - 0x00007ffc8b9c7000 	C:\WINDOWS\System32\bcrypt.dll
0x00007ffc63d30000 - 0x00007ffc63d6e000 	C:\WINDOWS\system32\dataexchange.dll
0x00007ffc87de0000 - 0x00007ffc87fc3000 	C:\WINDOWS\system32\dcomp.dll
0x00007ffc86ff0000 - 0x00007ffc87253000 	C:\WINDOWS\system32\d3d11.dll
0x00007ffc89d90000 - 0x00007ffc89e83000 	C:\WINDOWS\system32\dxgi.dll
0x00007ffc83950000 - 0x00007ffc83b50000 	C:\WINDOWS\system32\twinapi.appcore.dll
0x00007ffc62f30000 - 0x00007ffc62f64000 	C:\Program Files\Common Files\Microsoft Shared\Ink\rtscom.dll
0x00007ffc84920000 - 0x00007ffc84a1a000 	C:\WINDOWS\SYSTEM32\textinputframework.dll
0x00007ffc88350000 - 0x00007ffc886ae000 	C:\WINDOWS\System32\CoreUIComponents.dll
0x00007ffc886b0000 - 0x00007ffc887a2000 	C:\WINDOWS\System32\CoreMessaging.dll
0x00007ffc87c80000 - 0x00007ffc87dd4000 	C:\WINDOWS\SYSTEM32\wintypes.dll
0x00007ffc8a620000 - 0x00007ffc8a653000 	C:\WINDOWS\SYSTEM32\ntmarta.dll
0x00007ffc7aa70000 - 0x00007ffc7aa94000 	C:\WINDOWS\SYSTEM32\edputil.dll
0x00007ffc8ae50000 - 0x00007ffc8ae68000 	C:\WINDOWS\SYSTEM32\CRYPTSP.dll
0x00007ffc8a500000 - 0x00007ffc8a534000 	C:\WINDOWS\system32\rsaenh.dll
0x00007ffc8b390000 - 0x00007ffc8b3be000 	C:\WINDOWS\SYSTEM32\USERENV.dll
0x00007ffc8ae40000 - 0x00007ffc8ae4c000 	C:\WINDOWS\SYSTEM32\CRYPTBASE.dll
0x00007ffc8a8f0000 - 0x00007ffc8a92c000 	C:\WINDOWS\SYSTEM32\IPHLPAPI.DLL
0x00007ffc8d860000 - 0x00007ffc8d868000 	C:\WINDOWS\System32\NSI.dll
0x00007ffc830e0000 - 0x00007ffc830f7000 	C:\WINDOWS\SYSTEM32\dhcpcsvc6.DLL

dbghelp: loaded successfully - version: 4.0.5 - missing functions: none
symbol engine: initialized successfully - sym options: 0x614 - pdb path: .;C:\Program Files\Amazon Corretto\jdk11.0.17_8\bin;C:\WINDOWS\SYSTEM32;C:\WINDOWS\WinSxS\amd64_microsoft.windows.common-controls_6595b64144ccf1df_6.0.19041.1110_none_60b5254171f9507e;C:\Program Files\Amazon Corretto\jdk11.0.17_8\bin\server;D:\IntelliJ IDEA Community Edition 2022.2.3\bin;C:\Users\andre\.openjfx\cache\17.0.2-ea;C:\WINDOWS\System32\DriverStore\FileRepository\iigd_dch.inf_amd64_b261b2ab559fdee8;C:\Program Files\Common Files\Microsoft Shared\Ink

VM Arguments:
jvm_args: -javaagent:D:\IntelliJ IDEA Community Edition 2022.2.3\lib\idea_rt.jar=58040:D:\IntelliJ IDEA Community Edition 2022.2.3\bin -Dfile.encoding=UTF-8 --module-path=C:\Users\andre\.m2\repository\ch\qos\logback\logback-core\1.4.5\logback-core-1.4.5.jar;C:\Users\andre\.m2\repository\org\jetbrains\kotlin\kotlin-stdlib\1.5.10\kotlin-stdlib-1.5.10-modular.jar;C:\Users\andre\.m2\repository\org\mindrot\jbcrypt\0.4\jbcrypt-0.4.jar;C:\Users\andre\.m2\repository\org\openjfx\javafx-fxml\17.0.2\javafx-fxml-17.0.2-win.jar;C:\Users\andre\.m2\repository\org\projectlombok\lombok\1.18.26\lombok-1.18.26.jar;C:\Users\andre\.m2\repository\com\github\almasb\fxgl\11.17\fxgl-11.17.jar;C:\Users\andre\.m2\repository\org\openjfx\javafx-controls\17.0.2\javafx-controls-17.0.2-win.jar;C:\Users\andre\.m2\repository\com\fasterxml\jackson\datatype\jackson-datatype-jsr310\2.13.5\jackson-datatype-jsr310-2.13.5.jar;C:\Users\andre\.m2\repository\org\controlsfx\controlsfx\11.1.1\controlsfx-11.1.1.jar;C:\Users\andre\.m2\repository\com\fasterxml\jackson\datatype\jackson-datatype-jdk8\2.13.5\jackson-datatype-jdk8-2.13.5.jar;C:\Users\andre\dev\AuthService2.0\target\classes;C:\Users\andre\.m2\repository\com\github\almasb\fxgl-scene\11.17\fxgl-scene-11.17.jar;C:\Users\andre\.m2\repository\com\fasterxml\jackson\core\jackson-databind\2.13.5\jackson-databind-2.13.5.jar;C:\Users\andre\.m2\repository\ch\qos\logback\logback-classic\1.4.5\logback-classic-1.4.5.jar;C:\Users\andre\.m2\repository\com\dlsc\formsfx\formsfx-core\11.5.0\formsfx-core-11.5.0.jar;C:\Users\andre\.m2\repository\org\openjfx\javafx-graphics\17.0.2\javafx-graphics-17.0.2-win.jar;C:\Users\andre\.m2\repository\com\fasterxml\jackson\core\jackson-core\2.13.5\jackson-core-2.13.5.jar;C:\Users\andre\.m2\repository\com\github\almasb\fxgl-gameplay\11.17\fxgl-gameplay-11.17.jar;C:\Users\andre\.m2\repository\com\github\almasb\fxgl-entity\11.17\fxgl-entity-11.17.jar;C:\Users\andre\.m2\repository\org\kordamp\bootstrapfx\bootstrapfx-core\0.4.0\bootstrapfx-core-0.4.0.jar;C:\Users\andre\.m2\repository\org\openjfx\javafx-base\17.0.2\javafx-base-17.0.2-win.jar;C:\Users\andre\.m2\repository\com\gluonhq\attach\st-Djdk.module.main=gutlag.authservice20 
java_command: gutlag.authservice20/gutlag.authservice20.HelloApplication
java_class_path (initial): C:\Users\andre\.m2\repository\org\openjfx\javafx-controls\17.0.2\javafx-controls-17.0.2.jar;C:\Users\andre\.m2\repository\org\openjfx\javafx-graphics\17.0.2\javafx-graphics-17.0.2.jar;C:\Users\andre\.m2\repository\org\openjfx\javafx-base\17.0.2\javafx-base-17.0.2.jar;C:\Users\andre\.m2\repository\org\openjfx\javafx-fxml\17.0.2\javafx-fxml-17.0.2.jar;C:\Users\andre\.m2\repository\org\openjfx\javafx-media\17.0.2\javafx-media-17.0.2.jar;C:\Users\andre\.m2\repository\org\jetbrains\annotations\13.0\annotations-13.0.jar;C:\Users\andre\.m2\repository\org\springframework\boot\spring-boot-starter\2.7.9\spring-boot-starter-2.7.9.jar;C:\Users\andre\.m2\repository\org\springframework\boot\spring-boot\2.7.9\spring-boot-2.7.9.jar;C:\Users\andre\.m2\repository\org\springframework\spring-context\5.3.25\spring-context-5.3.25.jar;C:\Users\andre\.m2\repository\org\springframework\boot\spring-boot-autoconfigure\2.7.9\spring-boot-autoconfigure-2.7.9.jar;C:\Users\andre\.m2\repository\org\springframework\boot\spring-boot-starter-logging\2.7.9\spring-boot-starter-logging-2.7.9.jar;C:\Users\andre\.m2\repository\org\apache\logging\log4j\log4j-to-slf4j\2.17.2\log4j-to-slf4j-2.17.2.jar;C:\Users\andre\.m2\repository\org\apache\logging\log4j\log4j-api\2.17.2\log4j-api-2.17.2.jar;C:\Users\andre\.m2\repository\org\slf4j\jul-to-slf4j\1.7.36\jul-to-slf4j-1.7.36.jar;C:\Users\andre\.m2\repository\jakarta\annotation\jakarta.annotation-api\1.3.5\jakarta.annotation-api-1.3.5.jar;C:\Users\andre\.m2\repository\org\springframework\spring-core\5.3.25\spring-core-5.3.25.jar;C:\Users\andre\.m2\repository\org\springframework\spring-jcl\5.3.25\spring-jcl-5.3.25.jar;C:\Users\andre\.m2\repository\org\yaml\snakeyaml\1.30\snakeyaml-1.30.jar;C:\Users\andre\.m2\repository\org\springframework\boot\spring-boot-starter-web\2.7.9\spring-boot-starter-web-2.7.9.jar;C:\Users\andre\.m2\repository\org\springframework\boot\spring-boot-starter-json\2.7.9\spring-boot-starter-json-2.7.9.jar;C:\Users\an
Launcher Type: SUN_STANDARD

[Global flags]
     intx CICompilerCount                          = 4                                         {product} {ergonomic}
     uint ConcGCThreads                            = 2                                         {product} {ergonomic}
     uint G1ConcRefinementThreads                  = 8                                         {product} {ergonomic}
   size_t G1HeapRegionSize                         = 1048576                                   {product} {ergonomic}
    uintx GCDrainStackTargetSize                   = 64                                        {product} {ergonomic}
   size_t InitialHeapSize                          = 134217728                                 {product} {ergonomic}
   size_t MarkStackSize                            = 4194304                                   {product} {ergonomic}
   size_t MaxHeapSize                              = 2120220672                                {product} {ergonomic}
   size_t MaxNewSize                               = 1271922688                                {product} {ergonomic}
   size_t MinHeapDeltaBytes                        = 1048576                                   {product} {ergonomic}
    uintx NonNMethodCodeHeapSize                   = 5836300                                {pd product} {ergonomic}
    uintx NonProfiledCodeHeapSize                  = 122910970                              {pd product} {ergonomic}
    uintx ProfiledCodeHeapSize                     = 122910970                              {pd product} {ergonomic}
    uintx ReservedCodeCacheSize                    = 251658240                              {pd product} {ergonomic}
     bool SegmentedCodeCache                       = true                                      {product} {ergonomic}
     bool UseCompressedClassPointers               = true                                 {lp64_product} {ergonomic}
     bool UseCompressedOops                        = true                                 {lp64_product} {ergonomic}
     bool UseG1GC                                  = true                                      {product} {ergonomic}
     bool UseLargePagesIndividualAllocation        = false                                  {pd product} {ergonomic}

Logging:
Log output configuration:
 #0: stdout all=warning uptime,level,tags
 #1: stderr all=off uptime,level,tags

Environment Variables:
JAVA_HOME=C:\Program Files\Amazon Corretto\jdk11.0.17_8
PATH=C:\Program Files\Amazon Corretto\jdk11.0.17_8\bin;C:\ProgramData\Oracle\Java\javapath;C:\Windows\system32;C:\Windows;C:\Windows\System32\Wbem;C:\Windows\System32\WindowsPowerShell\v1.0\;C:\Windows\System32\OpenSSH\;C:\WINDOWS\system32;C:\WINDOWS;C:\WINDOWS\System32\Wbem;C:\WINDOWS\System32\WindowsPowerShell\v1.0\;C:\WINDOWS\System32\OpenSSH\;D:\Git\cmd;;C:\Program Files (x86)\NVIDIA Corporation\PhysX\Common;C:\Program Files\PuTTY\;C:\Users\andre\AppData\Local\Microsoft\WindowsApps;D:\Microsoft VS Code\bin;C:\sqlite;C:\sqlite;
USERNAME=andre
OS=Windows_NT
PROCESSOR_IDENTIFIER=Intel64 Family 6 Model 158 Stepping 10, GenuineIntel
TMP=C:\Users\andre\AppData\Local\Temp
TEMP=C:\Users\andre\AppData\Local\Temp



---------------  S Y S T E M  ---------------

OS: Windows 10 , 64 bit Build 19041 (10.0.19041.2913)
OS uptime: 12 days 1:15 hours

CPU:total 8 (initial active 8) (4 cores per cpu, 2 threads per core) family 6 model 158 stepping 10 microcode 0xb4, cmov, cx8, fxsr, mmx, sse, sse2, sse3, ssse3, sse4.1, sse4.2, popcnt, avx, avx2, aes, clmul, erms, 3dnowpref, lzcnt, ht, tsc, tscinvbit, bmi1, bmi2, adx, fma

Memory: 4k page, system-wide physical 8081M (789M free)
TotalPageFile size 29571M (AvailPageFile size 17514M)
current process WorkingSet (physical memory assigned to process): 208M, peak: 261M
current process commit charge ("private bytes"): 315M, peak: 365M

vm_info: OpenJDK 64-Bit Server VM (11.0.17+8-LTS) for windows-amd64 JRE (11.0.17+8-LTS), built on Oct 14 2022 18:02:01 by "Administrator" with MS VC++ 15.9 (VS2017)

END.
