#
# A fatal error has been detected by the Java Runtime Environment:
#
#  EXCEPTION_ACCESS_VIOLATION (0xc0000005) at pc=0x00007ffc7b336ab7, pid=8760, tid=3096
#
# JRE version: OpenJDK Runtime Environment Corretto-11.0.17.8.1 (11.0.17+8) (build 11.0.17+8-LTS)
# Java VM: OpenJDK 64-Bit Server VM Corretto-11.0.17.8.1 (11.0.17+8-LTS, mixed mode, tiered, compressed oops, g1 gc, windows-amd64)
# Problematic frame:
# C  [glass.dll+0x26ab7]
#
# No core dump will be written. Minidumps are not enabled by default on client versions of Windows
#
# If you would like to submit a bug report, please visit:
#   https://github.com/corretto/corretto-11/issues/
#

---------------  S U M M A R Y ------------

Command Line: -javaagent:D:\IntelliJ IDEA Community Edition 2022.2.3\lib\idea_rt.jar=56459:D:\IntelliJ IDEA Community Edition 2022.2.3\bin -Dfile.encoding=UTF-8 --module-path=C:\Users\andre\.m2\repository\org\controlsfx\controlsfx\11.1.1\controlsfx-11.1.1.jar;C:\Users\andre\.m2\repository\com\github\almasb\fxgl-scene\11.17\fxgl-scene-11.17.jar;C:\Users\andre\.m2\repository\com\fasterxml\jackson\core\jackson-databind\2.13.5\jackson-databind-2.13.5.jar;C:\Users\andre\.m2\repository\com\github\almasb\fxgl-io\11.17\fxgl-io-11.17.jar;C:\Users\andre\.m2\repository\org\kordamp\bootstrapfx\bootstrapfx-core\0.4.0\bootstrapfx-core-0.4.0.jar;C:\Users\andre\.m2\repository\com\fasterxml\jackson\core\jackson-annotations\2.13.5\jackson-annotations-2.13.5.jar;C:\Users\andre\.m2\repository\org\kordamp\ikonli\ikonli-javafx\12.3.1\ikonli-javafx-12.3.1.jar;C:\Users\andre\.m2\repository\com\gluonhq\attach\lifecycle\4.0.9\lifecycle-4.0.9.jar;C:\Users\andre\.m2\repository\com\gluonhq\attach\audio\4.0.9\audio-4.0.9.jar;C:\Users\andre\.m2\repository\org\kordamp\ikonli\ikonli-core\12.3.1\ikonli-core-12.3.1.jar;C:\Users\andre\.m2\repository\org\openjfx\javafx-fxml\17.0.2\javafx-fxml-17.0.2-win.jar;C:\Users\andre\.m2\repository\org\openjfx\javafx-controls\17.0.2\javafx-controls-17.0.2-win.jar;C:\Users\andre\.m2\repository\com\github\almasb\fxgl-gameplay\11.17\fxgl-gameplay-11.17.jar;C:\Users\andre\.m2\repository\com\github\almasb\fxgl-core\11.17\fxgl-core-11.17.jar;C:\Users\andre\.m2\repository\com\dlsc\formsfx\formsfx-core\11.5.0\formsfx-core-11.5.0.jar;C:\Users\andre\.m2\repository\com\fasterxml\jackson\core\jackson-core\2.13.5\jackson-core-2.13.5.jar;C:\Users\andre\.m2\repository\org\slf4j\slf4j-api\1.7.6\slf4j-api-1.7.6.jar;C:\Users\andre\.m2\repository\org\openjfx\javafx-base\17.0.2\javafx-base-17.0.2-win.jar;C:\Users\andre\.m2\repository\com\github\almasb\fxgl\11.17\fxgl-11.17.jar;C:\Users\andre\.m2\repository\org\jetbrains\kotlin\kotlin-stdlib\1.5.10\kotlin-stdlib-1.5.10-modular.jar;C:\Users\andre\.m2\repository\log4j\log4j\1.2.17\log4j-1.2.17.jar;C:\Users\andre\.m2\repository\org\mindrot\jbcrypt\0.4\jbcrypt-0.4.jar;C:\Users\andre\.m2\reposito-Djdk.module.main=gutlag.authservice20 gutlag.authservice20/gutlag.authservice20.HelloApplication

Host: Intel(R) Core(TM) i5-8300H CPU @ 2.30GHz, 8 cores, 7G,  Windows 10 , 64 bit Build 19041 (10.0.19041.2913)
Time: Tue May 30 16:40:49 2023 RTZ 2 (s 10 , 64 bit Build 19041 (10.0.19041.2913) elapsed time: 31.817275 seconds (0d 0h 0m 31s)

---------------  T H R E A D  ---------------

Current thread (0x00000274e9b0a800):  VMThread "VM Thread" [stack: 0x000000ef37f00000,0x000000ef38000000] [id=3096]

Stack: [0x000000ef37f00000,0x000000ef38000000],  sp=0x000000ef37ffef90,  free space=1019k
Native frames: (J=compiled Java code, j=interpreted, Vv=VM code, C=native code)
C  [glass.dll+0x26ab7]


siginfo: EXCEPTION_ACCESS_VIOLATION (0xc0000005), reading address 0x0000000000000000


Register to memory mapping:

RIP=0x00007ffc7b336ab7 glass.dll
RAX=0x0 is NULL
RBX=0x00000274e9b3edf0 is a global jni handle
RCX=0x00000274e9b0a800 points into unknown readable memory: 0x00007ffc3f7fd5e8 | e8 d5 7f 3f fc 7f 00 00
RDX=0x000000ef37ffef90 points into unknown readable memory: 0x0000000000000000 | 00 00 00 00 00 00 00 00
RSP=0x000000ef37ffef90 points into unknown readable memory: 0x0000000000000000 | 00 00 00 00 00 00 00 00
RBP=0x00000274eb1a0478 points into unknown readable memory: 0x000026767f6d999d | 9d 99 6d 7f 76 26 00 00
RSI=0x00000274eb1a0450 points into unknown readable memory: 0x8f6641a5ff6d9662 | 62 96 6d ff a5 41 66 8f
RDI=0x000026767f6d999d is an unknown value
R8 =0x0000000000010002 is an unknown value
R9 =0x000026767f6d999d is an unknown value
R10=0x0000000000008000 is an unknown value
R11=0x000000ef37ffef20 points into unknown readable memory: 0x00000274eb1a0450 | 50 04 1a eb 74 02 00 00
R12=0x00007ffc7b334384 glass.dll
R13=0x000000ef38aff130 is pointing into the stack for thread: 0x00000274f5772000
R14=0x000000ef37fff088 points into unknown readable memory: 0x000000ef37fff070 | 70 f0 ff 37 ef 00 00 00
R15=0x00000274eb1a0450 points into unknown readable memory: 0x8f6641a5ff6d9662 | 62 96 6d ff a5 41 66 8f


Registers:
RAX=0x0000000000000000, RBX=0x00000274e9b3edf0, RCX=0x00000274e9b0a800, RDX=0x000000ef37ffef90
RSP=0x000000ef37ffef90, RBP=0x00000274eb1a0478, RSI=0x00000274eb1a0450, RDI=0x000026767f6d999d
R8 =0x0000000000010002, R9 =0x000026767f6d999d, R10=0x0000000000008000, R11=0x000000ef37ffef20
R12=0x00007ffc7b334384, R13=0x000000ef38aff130, R14=0x000000ef37fff088, R15=0x00000274eb1a0450
RIP=0x00007ffc7b336ab7, EFLAGS=0x0000000000010206

Top of Stack: (sp=0x000000ef37ffef90)
0x000000ef37ffef90:   0000000000000000 00000274eb1a0450
0x000000ef37ffefa0:   000000ef38aff130 00007ffc7b334384
0x000000ef37ffefb0:   00000274eb1a0458 00007ffc8bc642d6
0x000000ef37ffefc0:   000026767f6d999d 0000027400000000
0x000000ef37ffefd0:   00000274eb1a0478 00000274eb1a0450
0x000000ef37ffefe0:   fffffffffffffffe 0000000000000000
0x000000ef37ffeff0:   0000000000000001 00007ffc7b310000
0x000000ef37fff000:   000000ef37fff078 00007ffc8bc641fb
0x000000ef37fff010:   0000000000000000 000000ef37fff088
0x000000ef37fff020:   000000ef37fff350 00007ffc8bd40e40
0x000000ef37fff030:   0000000000000001 00007ffc8bc641b4
0x000000ef37fff040:   0000000000000000 0000000000000001
0x000000ef37fff050:   0000000000000001 000000ef37fff078
0x000000ef37fff060:   0000000000000000 00007ffc7b334211
0x000000ef37fff070:   00007ffc7b34a138 00007ffc00000002
0x000000ef37fff080:   0000000000000002 000000ef37fff070 

Instructions: (pc=0x00007ffc7b336ab7)
0x00007ffc7b3369b7:   8b 4d 58 e8 01 cf ff ff 48 8b 4d 60 e8 f8 ce ff
0x00007ffc7b3369c7:   ff 48 8b 95 80 00 00 00 48 8b 8d 18 01 00 00 e8
0x00007ffc7b3369d7:   c6 c3 ff ff 33 d2 33 c9 e8 3c e1 ff ff 90 48 89
0x00007ffc7b3369e7:   54 24 10 55 48 83 ec 20 48 8b ea 48 b8 00 00 00
0x00007ffc7b3369f7:   00 00 00 00 00 48 83 c4 20 5d c3 cc 40 55 48 8b
0x00007ffc7b336a07:   ea 48 8b 01 33 c9 81 38 05 00 00 c0 0f 94 c1 8b
0x00007ffc7b336a17:   c1 5d c3 cc 40 55 48 83 ec 20 48 8b ea 8a 4d 40
0x00007ffc7b336a27:   48 83 c4 20 5d e9 f7 d2 ff ff cc 40 55 48 83 ec
0x00007ffc7b336a37:   20 48 8b ea 8a 4d 20 e8 e5 d2 ff ff 90 48 83 c4
0x00007ffc7b336a47:   20 5d c3 cc 40 55 48 83 ec 20 48 8b ea 48 83 c4
0x00007ffc7b336a57:   20 5d e9 46 d1 ff ff cc 40 55 48 83 ec 30 48 8b
0x00007ffc7b336a67:   ea 48 8b 01 8b 10 48 89 4c 24 28 89 54 24 20 4c
0x00007ffc7b336a77:   8d 0d e7 d5 ff ff 4c 8b 45 70 8b 55 68 48 8b 4d
0x00007ffc7b336a87:   60 e8 87 d0 ff ff 90 48 83 c4 30 5d c3 cc cc cc
0x00007ffc7b336a97:   cc cc cc cc cc cc cc cc cc 40 53 48 83 ec 20 48
0x00007ffc7b336aa7:   8b 1d 83 30 01 00 48 85 db 74 16 e8 09 8b ff ff
0x00007ffc7b336ab7:   4c 8b 00 48 8b d3 48 8b c8 41 ff 90 b0 00 00 00
0x00007ffc7b336ac7:   90 48 83 c4 20 5b c3 cc cc 40 53 48 83 ec 20 48
0x00007ffc7b336ad7:   8b 1d fb 31 01 00 48 85 db 74 57 b8 ff ff ff ff
0x00007ffc7b336ae7:   f0 0f c1 43 10 83 f8 01 75 3d 48 85 db 74 38 48
0x00007ffc7b336af7:   8b 0b 48 85 c9 74 0d ff 15 a4 07 00 00 48 c7 03
0x00007ffc7b336b07:   00 00 00 00 48 8b 4b 08 48 85 c9 74 0d e8 a7 cd
0x00007ffc7b336b17:   ff ff 48 c7 43 08 00 00 00 00 ba 18 00 00 00 48
0x00007ffc7b336b27:   8b cb e8 92 cd ff ff 48 c7 05 9f 31 01 00 00 00
0x00007ffc7b336b37:   00 00 48 83 c4 20 5b c3 cc 40 53 48 83 ec 20 48
0x00007ffc7b336b47:   8b 1d 6b 31 01 00 48 85 db 74 57 b8 ff ff ff ff
0x00007ffc7b336b57:   f0 0f c1 43 10 83 f8 01 75 3d 48 85 db 74 38 48
0x00007ffc7b336b67:   8b 0b 48 85 c9 74 0d ff 15 34 07 00 00 48 c7 03
0x00007ffc7b336b77:   00 00 00 00 48 8b 4b 08 48 85 c9 74 0d e8 37 cd
0x00007ffc7b336b87:   ff ff 48 c7 43 08 00 00 00 00 ba 18 00 00 00 48
0x00007ffc7b336b97:   8b cb e8 22 cd ff ff 48 c7 05 0f 31 01 00 00 00
0x00007ffc7b336ba7:   00 00 48 83 c4 20 5b c3 cc 40 53 48 83 ec 20 48 


Stack slot to memory mapping:
stack at sp + 0 slots: 0x0 is NULL
stack at sp + 1 slots: 0x00000274eb1a0450 points into unknown readable memory: 0x8f6641a5ff6d9662 | 62 96 6d ff a5 41 66 8f
stack at sp + 2 slots: 0x000000ef38aff130 is pointing into the stack for thread: 0x00000274f5772000
stack at sp + 3 slots: 0x00007ffc7b334384 glass.dll
stack at sp + 4 slots: 0x00000274eb1a0458 points into unknown readable memory: 0x000026767f6d999d | 9d 99 6d 7f 76 26 00 00
stack at sp + 5 slots: 0x00007ffc8bc642d6 ucrtbase.dll
stack at sp + 6 slots: 0x000026767f6d999d is an unknown value
stack at sp + 7 slots: 0x0000027400000000 is an unknown value

VM_Operation (0x000000ef38aff130): Exit, mode: safepoint, requested by thread 0x00000274f5772000


---------------  P R O C E S S  ---------------

Threads class SMR info:
_java_thread_list=0x00000274eb44a100, length=18, elements={
0x00000274ca32e000, 0x00000274e9b2e800, 0x00000274e9b38000, 0x00000274e9b4a800,
0x00000274e9b4b800, 0x00000274e9b57000, 0x00000274ea4dd000, 0x00000274e9b59800,
0x00000274e9ac5000, 0x00000274eacea000, 0x00000274eb20e800, 0x00000274ea828000,
0x00000274eb1d6800, 0x00000274eb509800, 0x00000274eb91f800, 0x00000274ebc32800,
0x00000274f32e5000, 0x00000274f5772000
}

Java Threads: ( => current thread )
  0x00000274ca32e000 JavaThread "main" [_thread_blocked, id=600, stack(0x000000ef37900000,0x000000ef37a00000)]
  0x00000274e9b2e800 JavaThread "Reference Handler" daemon [_thread_blocked, id=3800, stack(0x000000ef38000000,0x000000ef38100000)]
  0x00000274e9b38000 JavaThread "Finalizer" daemon [_thread_blocked, id=8056, stack(0x000000ef38100000,0x000000ef38200000)]
  0x00000274e9b4a800 JavaThread "Attach Listener" daemon [_thread_blocked, id=13492, stack(0x000000ef38300000,0x000000ef38400000)]
  0x00000274e9b4b800 JavaThread "Service Thread" daemon [_thread_blocked, id=11604, stack(0x000000ef38400000,0x000000ef38500000)]
  0x00000274e9b57000 JavaThread "C2 CompilerThread0" daemon [_thread_blocked, id=7528, stack(0x000000ef38500000,0x000000ef38600000)]
  0x00000274ea4dd000 JavaThread "C1 CompilerThread0" daemon [_thread_blocked, id=16312, stack(0x000000ef38600000,0x000000ef38700000)]
  0x00000274e9b59800 JavaThread "Sweeper thread" daemon [_thread_blocked, id=16376, stack(0x000000ef38700000,0x000000ef38800000)]
  0x00000274e9ac5000 JavaThread "Common-Cleaner" daemon [_thread_blocked, id=8744, stack(0x000000ef38800000,0x000000ef38900000)]
  0x00000274eacea000 JavaThread "Monitor Ctrl-Break" daemon [_thread_in_native, id=756, stack(0x000000ef38b00000,0x000000ef38c00000)]
  0x00000274eb20e800 JavaThread "QuantumRenderer-0" daemon [_thread_blocked, id=8964, stack(0x000000ef38d00000,0x000000ef38e00000)]
  0x00000274ea828000 JavaThread "InvokeLaterDispatcher" daemon [_thread_blocked, id=13636, stack(0x000000ef38e00000,0x000000ef38f00000)]
  0x00000274eb1d6800 JavaThread "JavaFX Application Thread" [_thread_in_native, id=1400, stack(0x000000ef38f00000,0x000000ef39000000)]
  0x00000274eb509800 JavaThread "Thread-1" daemon [_thread_in_native, id=11636, stack(0x000000ef39600000,0x000000ef39700000)]
  0x00000274eb91f800 JavaThread "JavaFX-Launcher" [_thread_blocked, id=7572, stack(0x000000ef39700000,0x000000ef39800000)]
  0x00000274ebc32800 JavaThread "Prism Font Disposer" daemon [_thread_blocked, id=13800, stack(0x000000ef38900000,0x000000ef38a00000)]
  0x00000274f32e5000 JavaThread "Cleaner-0" daemon [_thread_blocked, id=17084, stack(0x000000ef39e00000,0x000000ef39f00000)]
  0x00000274f5772000 JavaThread "SIGINT handler" daemon [_thread_blocked, id=14160, stack(0x000000ef38a00000,0x000000ef38b00000)]

Other Threads:
=>0x00000274e9b0a800 VMThread "VM Thread" [stack: 0x000000ef37f00000,0x000000ef38000000] [id=3096]
  0x00000274ca345000 GCTaskThread "GC Thread#0" [stack: 0x000000ef37a00000,0x000000ef37b00000] [id=14668]
  0x00000274eb2f4000 GCTaskThread "GC Thread#1" [stack: 0x000000ef39000000,0x000000ef39100000] [id=2620]
  0x00000274eb2f5000 GCTaskThread "GC Thread#2" [stack: 0x000000ef39100000,0x000000ef39200000] [id=14596]
  0x00000274eb2f5800 GCTaskThread "GC Thread#3" [stack: 0x000000ef39200000,0x000000ef39300000] [id=11456]
  0x00000274eb77e800 GCTaskThread "GC Thread#4" [stack: 0x000000ef39800000,0x000000ef39900000] [id=16940]
  0x00000274ebd84800 GCTaskThread "GC Thread#5" [stack: 0x000000ef39900000,0x000000ef39a00000] [id=12384]
  0x00000274ca378800 ConcurrentGCThread "G1 Main Marker" [stack: 0x000000ef37b00000,0x000000ef37c00000] [id=14300]
  0x00000274ca37d000 ConcurrentGCThread "G1 Conc#0" [stack: 0x000000ef37c00000,0x000000ef37d00000] [id=2760]
  0x00000274eb339800 ConcurrentGCThread "G1 Conc#1" [stack: 0x000000ef39a00000,0x000000ef39b00000] [id=7880]
  0x00000274e9972800 ConcurrentGCThread "G1 Refine#0" [stack: 0x000000ef37d00000,0x000000ef37e00000] [id=12816]
  0x00000274e9973000 ConcurrentGCThread "G1 Young RemSet Sampling" [stack: 0x000000ef37e00000,0x000000ef37f00000] [id=17240]

Threads with active compile tasks:

VM state:at safepoint (shutting down)

VM Mutex/Monitor currently owned by a thread:  ([mutex/lock_event])
[0x00000274ca329980] Threads_lock - owner thread: 0x00000274e9b0a800

Heap address: 0x0000000081a00000, size: 2022 MB, Compressed Oops mode: 32-bit
Narrow klass base: 0x0000000000000000, Narrow klass shift: 3
Compressed class space size: 1073741824 Address: 0x0000000100000000

Heap:
 garbage-first heap   total 131072K, used 36864K [0x0000000081a00000, 0x0000000100000000)
  region size 1024K, 35 young (35840K), 8 survivors (8192K)
 Metaspace       used 26125K, capacity 27046K, committed 27312K, reserved 1073152K
  class space    used 3124K, capacity 3497K, committed 3584K, reserved 1048576K
Heap Regions: E=young(eden), S=young(survivor), O=old, HS=humongous(starts), HC=humongous(continues), CS=collection set, F=free, A=archive, TAMS=top-at-mark-start (previous, next)
|   0|0x0000000081a00000, 0x0000000081b00000, 0x0000000081b00000|100%|HS|  |TAMS 0x0000000081a00000, 0x0000000081a00000| Complete 
|   1|0x0000000081b00000, 0x0000000081c00000, 0x0000000081c00000|100%|HC|  |TAMS 0x0000000081b00000, 0x0000000081b00000| Complete 
|   2|0x0000000081c00000, 0x0000000081c00000, 0x0000000081d00000|  0%| F|  |TAMS 0x0000000081c00000, 0x0000000081c00000| Untracked 
|   3|0x0000000081d00000, 0x0000000081d00000, 0x0000000081e00000|  0%| F|  |TAMS 0x0000000081d00000, 0x0000000081d00000| Untracked 
|   4|0x0000000081e00000, 0x0000000081e00000, 0x0000000081f00000|  0%| F|  |TAMS 0x0000000081e00000, 0x0000000081e00000| Untracked 
|   5|0x0000000081f00000, 0x0000000081f00000, 0x0000000082000000|  0%| F|  |TAMS 0x0000000081f00000, 0x0000000081f00000| Untracked 
|   6|0x0000000082000000, 0x0000000082000000, 0x0000000082100000|  0%| F|  |TAMS 0x0000000082000000, 0x0000000082000000| Untracked 
|   7|0x0000000082100000, 0x0000000082100000, 0x0000000082200000|  0%| F|  |TAMS 0x0000000082100000, 0x0000000082100000| Untracked 
|   8|0x0000000082200000, 0x0000000082200000, 0x0000000082300000|  0%| F|  |TAMS 0x0000000082200000, 0x0000000082200000| Untracked 
|   9|0x0000000082300000, 0x0000000082300000, 0x0000000082400000|  0%| F|  |TAMS 0x0000000082300000, 0x0000000082300000| Untracked 
|  10|0x0000000082400000, 0x0000000082400000, 0x0000000082500000|  0%| F|  |TAMS 0x0000000082400000, 0x0000000082400000| Untracked 
|  11|0x0000000082500000, 0x0000000082500000, 0x0000000082600000|  0%| F|  |TAMS 0x0000000082500000, 0x0000000082500000| Untracked 
|  12|0x0000000082600000, 0x0000000082600000, 0x0000000082700000|  0%| F|  |TAMS 0x0000000082600000, 0x0000000082600000| Untracked 
|  13|0x0000000082700000, 0x0000000082700000, 0x0000000082800000|  0%| F|  |TAMS 0x0000000082700000, 0x0000000082700000| Untracked 
|  14|0x0000000082800000, 0x0000000082800000, 0x0000000082900000|  0%| F|  |TAMS 0x0000000082800000, 0x0000000082800000| Untracked 
|  15|0x0000000082900000, 0x0000000082900000, 0x0000000082a00000|  0%| F|  |TAMS 0x0000000082900000, 0x0000000082900000| Untracked 
|  16|0x0000000082a00000, 0x0000000082a00000, 0x0000000082b00000|  0%| F|  |TAMS 0x0000000082a00000, 0x0000000082a00000| Untracked 
|  17|0x0000000082b00000, 0x0000000082b00000, 0x0000000082c00000|  0%| F|  |TAMS 0x0000000082b00000, 0x0000000082b00000| Untracked 
|  18|0x0000000082c00000, 0x0000000082c00000, 0x0000000082d00000|  0%| F|  |TAMS 0x0000000082c00000, 0x0000000082c00000| Untracked 
|  19|0x0000000082d00000, 0x0000000082d00000, 0x0000000082e00000|  0%| F|  |TAMS 0x0000000082d00000, 0x0000000082d00000| Untracked 
|  20|0x0000000082e00000, 0x0000000082e00000, 0x0000000082f00000|  0%| F|  |TAMS 0x0000000082e00000, 0x0000000082e00000| Untracked 
|  21|0x0000000082f00000, 0x0000000082f00000, 0x0000000083000000|  0%| F|  |TAMS 0x0000000082f00000, 0x0000000082f00000| Untracked 
|  22|0x0000000083000000, 0x0000000083000000, 0x0000000083100000|  0%| F|  |TAMS 0x0000000083000000, 0x0000000083000000| Untracked 
|  23|0x0000000083100000, 0x0000000083100000, 0x0000000083200000|  0%| F|  |TAMS 0x0000000083100000, 0x0000000083100000| Untracked 
|  24|0x0000000083200000, 0x0000000083200000, 0x0000000083300000|  0%| F|  |TAMS 0x0000000083200000, 0x0000000083200000| Untracked 
|  25|0x0000000083300000, 0x0000000083300000, 0x0000000083400000|  0%| F|  |TAMS 0x0000000083300000, 0x0000000083300000| Untracked 
|  26|0x0000000083400000, 0x0000000083400000, 0x0000000083500000|  0%| F|  |TAMS 0x0000000083400000, 0x0000000083400000| Untracked 
|  27|0x0000000083500000, 0x0000000083500000, 0x0000000083600000|  0%| F|  |TAMS 0x0000000083500000, 0x0000000083500000| Untracked 
|  28|0x0000000083600000, 0x0000000083600000, 0x0000000083700000|  0%| F|  |TAMS 0x0000000083600000, 0x0000000083600000| Untracked 
|  29|0x0000000083700000, 0x0000000083700000, 0x0000000083800000|  0%| F|  |TAMS 0x0000000083700000, 0x0000000083700000| Untracked 
|  30|0x0000000083800000, 0x0000000083800000, 0x0000000083900000|  0%| F|  |TAMS 0x0000000083800000, 0x0000000083800000| Untracked 
|  31|0x0000000083900000, 0x0000000083900000, 0x0000000083a00000|  0%| F|  |TAMS 0x0000000083900000, 0x0000000083900000| Untracked 
|  32|0x0000000083a00000, 0x0000000083a00000, 0x0000000083b00000|  0%| F|  |TAMS 0x0000000083a00000, 0x0000000083a00000| Untracked 
|  33|0x0000000083b00000, 0x0000000083b00000, 0x0000000083c00000|  0%| F|  |TAMS 0x0000000083b00000, 0x0000000083b00000| Untracked 
|  34|0x0000000083c00000, 0x0000000083c00000, 0x0000000083d00000|  0%| F|  |TAMS 0x0000000083c00000, 0x0000000083c00000| Untracked 
|  35|0x0000000083d00000, 0x0000000083d00000, 0x0000000083e00000|  0%| F|  |TAMS 0x0000000083d00000, 0x0000000083d00000| Untracked 
|  36|0x0000000083e00000, 0x0000000083e00000, 0x0000000083f00000|  0%| F|  |TAMS 0x0000000083e00000, 0x0000000083e00000| Untracked 
|  37|0x0000000083f00000, 0x0000000083f00000, 0x0000000084000000|  0%| F|  |TAMS 0x0000000083f00000, 0x0000000083f00000| Untracked 
|  38|0x0000000084000000, 0x0000000084000000, 0x0000000084100000|  0%| F|  |TAMS 0x0000000084000000, 0x0000000084000000| Untracked 
|  39|0x0000000084100000, 0x0000000084100000, 0x0000000084200000|  0%| F|  |TAMS 0x0000000084100000, 0x0000000084100000| Untracked 
|  40|0x0000000084200000, 0x0000000084200000, 0x0000000084300000|  0%| F|  |TAMS 0x0000000084200000, 0x0000000084200000| Untracked 
|  41|0x0000000084300000, 0x0000000084300000, 0x0000000084400000|  0%| F|  |TAMS 0x0000000084300000, 0x0000000084300000| Untracked 
|  42|0x0000000084400000, 0x0000000084400000, 0x0000000084500000|  0%| F|  |TAMS 0x0000000084400000, 0x0000000084400000| Untracked 
|  43|0x0000000084500000, 0x0000000084500000, 0x0000000084600000|  0%| F|  |TAMS 0x0000000084500000, 0x0000000084500000| Untracked 
|  44|0x0000000084600000, 0x0000000084600000, 0x0000000084700000|  0%| F|  |TAMS 0x0000000084600000, 0x0000000084600000| Untracked 
|  45|0x0000000084700000, 0x0000000084700000, 0x0000000084800000|  0%| F|  |TAMS 0x0000000084700000, 0x0000000084700000| Untracked 
|  46|0x0000000084800000, 0x0000000084800000, 0x0000000084900000|  0%| F|  |TAMS 0x0000000084800000, 0x0000000084800000| Untracked 
|  47|0x0000000084900000, 0x0000000084900000, 0x0000000084a00000|  0%| F|  |TAMS 0x0000000084900000, 0x0000000084900000| Untracked 
|  48|0x0000000084a00000, 0x0000000084a00000, 0x0000000084b00000|  0%| F|  |TAMS 0x0000000084a00000, 0x0000000084a00000| Untracked 
|  49|0x0000000084b00000, 0x0000000084b00000, 0x0000000084c00000|  0%| F|  |TAMS 0x0000000084b00000, 0x0000000084b00000| Untracked 
|  50|0x0000000084c00000, 0x0000000084c00000, 0x0000000084d00000|  0%| F|  |TAMS 0x0000000084c00000, 0x0000000084c00000| Untracked 
|  51|0x0000000084d00000, 0x0000000084d00000, 0x0000000084e00000|  0%| F|  |TAMS 0x0000000084d00000, 0x0000000084d00000| Untracked 
|  52|0x0000000084e00000, 0x0000000084e00000, 0x0000000084f00000|  0%| F|  |TAMS 0x0000000084e00000, 0x0000000084e00000| Untracked 
|  53|0x0000000084f00000, 0x0000000084f00000, 0x0000000085000000|  0%| F|  |TAMS 0x0000000084f00000, 0x0000000084f00000| Untracked 
|  54|0x0000000085000000, 0x0000000085000000, 0x0000000085100000|  0%| F|  |TAMS 0x0000000085000000, 0x0000000085000000| Untracked 
|  55|0x0000000085100000, 0x0000000085100000, 0x0000000085200000|  0%| F|  |TAMS 0x0000000085100000, 0x0000000085100000| Untracked 
|  56|0x0000000085200000, 0x0000000085200000, 0x0000000085300000|  0%| F|  |TAMS 0x0000000085200000, 0x0000000085200000| Untracked 
|  57|0x0000000085300000, 0x0000000085300000, 0x0000000085400000|  0%| F|  |TAMS 0x0000000085300000, 0x0000000085300000| Untracked 
|  58|0x0000000085400000, 0x0000000085400000, 0x0000000085500000|  0%| F|  |TAMS 0x0000000085400000, 0x0000000085400000| Untracked 
|  59|0x0000000085500000, 0x0000000085500000, 0x0000000085600000|  0%| F|  |TAMS 0x0000000085500000, 0x0000000085500000| Untracked 
|  60|0x0000000085600000, 0x0000000085600000, 0x0000000085700000|  0%| F|  |TAMS 0x0000000085600000, 0x0000000085600000| Untracked 
|  61|0x0000000085700000, 0x0000000085700000, 0x0000000085800000|  0%| F|  |TAMS 0x0000000085700000, 0x0000000085700000| Untracked 
|  62|0x0000000085800000, 0x0000000085800000, 0x0000000085900000|  0%| F|  |TAMS 0x0000000085800000, 0x0000000085800000| Untracked 
|  63|0x0000000085900000, 0x0000000085900000, 0x0000000085a00000|  0%| F|  |TAMS 0x0000000085900000, 0x0000000085900000| Untracked 
|  64|0x0000000085a00000, 0x0000000085a00000, 0x0000000085b00000|  0%| F|  |TAMS 0x0000000085a00000, 0x0000000085a00000| Untracked 
|  65|0x0000000085b00000, 0x0000000085b00000, 0x0000000085c00000|  0%| F|  |TAMS 0x0000000085b00000, 0x0000000085b00000| Untracked 
|  66|0x0000000085c00000, 0x0000000085c00000, 0x0000000085d00000|  0%| F|  |TAMS 0x0000000085c00000, 0x0000000085c00000| Untracked 
|  67|0x0000000085d00000, 0x0000000085d00000, 0x0000000085e00000|  0%| F|  |TAMS 0x0000000085d00000, 0x0000000085d00000| Untracked 
|  68|0x0000000085e00000, 0x0000000085e00000, 0x0000000085f00000|  0%| F|  |TAMS 0x0000000085e00000, 0x0000000085e00000| Untracked 
|  69|0x0000000085f00000, 0x0000000085f00000, 0x0000000086000000|  0%| F|  |TAMS 0x0000000085f00000, 0x0000000085f00000| Untracked 
|  70|0x0000000086000000, 0x0000000086000000, 0x0000000086100000|  0%| F|  |TAMS 0x0000000086000000, 0x0000000086000000| Untracked 
|  71|0x0000000086100000, 0x0000000086100000, 0x0000000086200000|  0%| F|  |TAMS 0x0000000086100000, 0x0000000086100000| Untracked 
|  72|0x0000000086200000, 0x0000000086200000, 0x0000000086300000|  0%| F|  |TAMS 0x0000000086200000, 0x0000000086200000| Untracked 
|  73|0x0000000086300000, 0x0000000086300000, 0x0000000086400000|  0%| F|  |TAMS 0x0000000086300000, 0x0000000086300000| Untracked 
|  74|0x0000000086400000, 0x0000000086400000, 0x0000000086500000|  0%| F|  |TAMS 0x0000000086400000, 0x0000000086400000| Untracked 
|  75|0x0000000086500000, 0x0000000086500000, 0x0000000086600000|  0%| F|  |TAMS 0x0000000086500000, 0x0000000086500000| Untracked 
|  76|0x0000000086600000, 0x0000000086600000, 0x0000000086700000|  0%| F|  |TAMS 0x0000000086600000, 0x0000000086600000| Untracked 
|  77|0x0000000086700000, 0x0000000086700000, 0x0000000086800000|  0%| F|  |TAMS 0x0000000086700000, 0x0000000086700000| Untracked 
|  78|0x0000000086800000, 0x0000000086800000, 0x0000000086900000|  0%| F|  |TAMS 0x0000000086800000, 0x0000000086800000| Untracked 
|  79|0x0000000086900000, 0x0000000086900000, 0x0000000086a00000|  0%| F|  |TAMS 0x0000000086900000, 0x0000000086900000| Untracked 
|  80|0x0000000086a00000, 0x0000000086a00000, 0x0000000086b00000|  0%| F|  |TAMS 0x0000000086a00000, 0x0000000086a00000| Untracked 
|  81|0x0000000086b00000, 0x0000000086b00000, 0x0000000086c00000|  0%| F|  |TAMS 0x0000000086b00000, 0x0000000086b00000| Untracked 
|  82|0x0000000086c00000, 0x0000000086c00000, 0x0000000086d00000|  0%| F|  |TAMS 0x0000000086c00000, 0x0000000086c00000| Untracked 
|  83|0x0000000086d00000, 0x0000000086d00000, 0x0000000086e00000|  0%| F|  |TAMS 0x0000000086d00000, 0x0000000086d00000| Untracked 
|  84|0x0000000086e00000, 0x0000000086e00000, 0x0000000086f00000|  0%| F|  |TAMS 0x0000000086e00000, 0x0000000086e00000| Untracked 
|  85|0x0000000086f00000, 0x0000000087000000, 0x0000000087000000|100%| S|CS|TAMS 0x0000000086f00000, 0x0000000086f00000| Complete 
|  86|0x0000000087000000, 0x0000000087100000, 0x0000000087100000|100%| S|CS|TAMS 0x0000000087000000, 0x0000000087000000| Complete 
|  87|0x0000000087100000, 0x0000000087200000, 0x0000000087200000|100%| S|CS|TAMS 0x0000000087100000, 0x0000000087100000| Complete 
|  88|0x0000000087200000, 0x0000000087300000, 0x0000000087300000|100%| S|CS|TAMS 0x0000000087200000, 0x0000000087200000| Complete 
|  89|0x0000000087300000, 0x0000000087400000, 0x0000000087400000|100%| S|CS|TAMS 0x0000000087300000, 0x0000000087300000| Complete 
|  90|0x0000000087400000, 0x0000000087500000, 0x0000000087500000|100%| S|CS|TAMS 0x0000000087400000, 0x0000000087400000| Complete 
|  91|0x0000000087500000, 0x0000000087600000, 0x0000000087600000|100%| S|CS|TAMS 0x0000000087500000, 0x0000000087500000| Complete 
|  92|0x0000000087600000, 0x0000000087700000, 0x0000000087700000|100%| S|CS|TAMS 0x0000000087600000, 0x0000000087600000| Complete 
|  93|0x0000000087700000, 0x0000000087700000, 0x0000000087800000|  0%| F|  |TAMS 0x0000000087700000, 0x0000000087700000| Untracked 
|  94|0x0000000087800000, 0x0000000087800000, 0x0000000087900000|  0%| F|  |TAMS 0x0000000087800000, 0x0000000087800000| Untracked 
|  95|0x0000000087900000, 0x0000000087900000, 0x0000000087a00000|  0%| F|  |TAMS 0x0000000087900000, 0x0000000087900000| Untracked 
|  96|0x0000000087a00000, 0x0000000087a00000, 0x0000000087b00000|  0%| F|  |TAMS 0x0000000087a00000, 0x0000000087a00000| Untracked 
|  97|0x0000000087b00000, 0x0000000087b00000, 0x0000000087c00000|  0%| F|  |TAMS 0x0000000087b00000, 0x0000000087b00000| Untracked 
|  98|0x0000000087c00000, 0x0000000087c00000, 0x0000000087d00000|  0%| F|  |TAMS 0x0000000087c00000, 0x0000000087c00000| Untracked 
|  99|0x0000000087d00000, 0x0000000087d00000, 0x0000000087e00000|  0%| F|  |TAMS 0x0000000087d00000, 0x0000000087d00000| Untracked 
| 100|0x0000000087e00000, 0x0000000087e00000, 0x0000000087f00000|  0%| F|  |TAMS 0x0000000087e00000, 0x0000000087e00000| Untracked 
| 101|0x0000000087f00000, 0x0000000087f9a1f0, 0x0000000088000000| 60%| E|  |TAMS 0x0000000087f00000, 0x0000000087f00000| Complete 
| 102|0x0000000088000000, 0x0000000088100000, 0x0000000088100000|100%| E|CS|TAMS 0x0000000088000000, 0x0000000088000000| Complete 
| 103|0x0000000088100000, 0x0000000088200000, 0x0000000088200000|100%| E|CS|TAMS 0x0000000088100000, 0x0000000088100000| Complete 
| 104|0x0000000088200000, 0x0000000088300000, 0x0000000088300000|100%| E|CS|TAMS 0x0000000088200000, 0x0000000088200000| Complete 
| 105|0x0000000088300000, 0x0000000088400000, 0x0000000088400000|100%| E|CS|TAMS 0x0000000088300000, 0x0000000088300000| Complete 
| 106|0x0000000088400000, 0x0000000088500000, 0x0000000088500000|100%| E|CS|TAMS 0x0000000088400000, 0x0000000088400000| Complete 
| 107|0x0000000088500000, 0x0000000088600000, 0x0000000088600000|100%| E|CS|TAMS 0x0000000088500000, 0x0000000088500000| Complete 
| 108|0x0000000088600000, 0x0000000088700000, 0x0000000088700000|100%| E|CS|TAMS 0x0000000088600000, 0x0000000088600000| Complete 
| 109|0x0000000088700000, 0x0000000088800000, 0x0000000088800000|100%| E|CS|TAMS 0x0000000088700000, 0x0000000088700000| Complete 
| 110|0x0000000088800000, 0x0000000088900000, 0x0000000088900000|100%| E|CS|TAMS 0x0000000088800000, 0x0000000088800000| Complete 
| 111|0x0000000088900000, 0x0000000088a00000, 0x0000000088a00000|100%| E|CS|TAMS 0x0000000088900000, 0x0000000088900000| Complete 
| 112|0x0000000088a00000, 0x0000000088b00000, 0x0000000088b00000|100%| E|CS|TAMS 0x0000000088a00000, 0x0000000088a00000| Complete 
| 113|0x0000000088b00000, 0x0000000088c00000, 0x0000000088c00000|100%| E|CS|TAMS 0x0000000088b00000, 0x0000000088b00000| Complete 
| 114|0x0000000088c00000, 0x0000000088d00000, 0x0000000088d00000|100%| E|CS|TAMS 0x0000000088c00000, 0x0000000088c00000| Complete 
| 115|0x0000000088d00000, 0x0000000088e00000, 0x0000000088e00000|100%| E|CS|TAMS 0x0000000088d00000, 0x0000000088d00000| Complete 
| 116|0x0000000088e00000, 0x0000000088f00000, 0x0000000088f00000|100%| E|CS|TAMS 0x0000000088e00000, 0x0000000088e00000| Complete 
| 117|0x0000000088f00000, 0x0000000089000000, 0x0000000089000000|100%| E|CS|TAMS 0x0000000088f00000, 0x0000000088f00000| Complete 
| 118|0x0000000089000000, 0x0000000089100000, 0x0000000089100000|100%| E|CS|TAMS 0x0000000089000000, 0x0000000089000000| Complete 
| 119|0x0000000089100000, 0x0000000089200000, 0x0000000089200000|100%| E|CS|TAMS 0x0000000089100000, 0x0000000089100000| Complete 
| 120|0x0000000089200000, 0x0000000089300000, 0x0000000089300000|100%| E|CS|TAMS 0x0000000089200000, 0x0000000089200000| Complete 
| 121|0x0000000089300000, 0x0000000089400000, 0x0000000089400000|100%| E|CS|TAMS 0x0000000089300000, 0x0000000089300000| Complete 
| 122|0x0000000089400000, 0x0000000089500000, 0x0000000089500000|100%| E|CS|TAMS 0x0000000089400000, 0x0000000089400000| Complete 
| 123|0x0000000089500000, 0x0000000089600000, 0x0000000089600000|100%| E|CS|TAMS 0x0000000089500000, 0x0000000089500000| Complete 
| 124|0x0000000089600000, 0x0000000089700000, 0x0000000089700000|100%| E|CS|TAMS 0x0000000089600000, 0x0000000089600000| Complete 
| 125|0x0000000089700000, 0x0000000089800000, 0x0000000089800000|100%| E|CS|TAMS 0x0000000089700000, 0x0000000089700000| Complete 
| 126|0x0000000089800000, 0x0000000089900000, 0x0000000089900000|100%| E|CS|TAMS 0x0000000089800000, 0x0000000089800000| Complete 
| 127|0x0000000089900000, 0x0000000089a00000, 0x0000000089a00000|100%| E|CS|TAMS 0x0000000089900000, 0x0000000089900000| Complete 

Card table byte_map: [0x00000274e2910000,0x00000274e2d10000] _byte_map_base: 0x00000274e2503000

Marking Bits (Prev, Next): (CMBitMap*) 0x00000274ca36fb60, (CMBitMap*) 0x00000274ca36fb28
 Prev Bits: [0x00000274e50b0000, 0x00000274e7048000)
 Next Bits: [0x00000274e3110000, 0x00000274e50a8000)

Polling page: 0x00000274c8b00000

Metaspace:

Usage:
  Non-class:     23.00 MB capacity,    22.46 MB ( 98%) used,   447.55 KB (  2%) free+waste,    99.88 KB ( <1%) overhead. 
      Class:      3.42 MB capacity,     3.05 MB ( 89%) used,   322.13 KB (  9%) free+waste,    50.50 KB (  1%) overhead. 
       Both:     26.41 MB capacity,    25.51 MB ( 97%) used,   769.69 KB (  3%) free+waste,   150.38 KB ( <1%) overhead. 

Virtual space:
  Non-class space:       24.00 MB reserved,      23.17 MB ( 97%) committed 
      Class space:        1.00 GB reserved,       3.50 MB ( <1%) committed 
             Both:        1.02 GB reserved,      26.67 MB (  3%) committed 

Chunk freelists:
   Non-Class:  51.00 KB
       Class:  0 bytes
        Both:  51.00 KB

MaxMetaspaceSize: 17179869184.00 GB
CompressedClassSpaceSize: 1.00 GB
Initial GC threshold: 20.80 MB
Current GC threshold: 35.08 MB
CDS: off

CodeHeap 'non-profiled nmethods': size=120000Kb used=1712Kb max_used=1712Kb free=118288Kb
 bounds [0x00000274da580000, 0x00000274da7f0000, 0x00000274e1ab0000]
CodeHeap 'profiled nmethods': size=120000Kb used=6980Kb max_used=6980Kb free=113019Kb
 bounds [0x00000274d3050000, 0x00000274d3730000, 0x00000274da580000]
CodeHeap 'non-nmethods': size=5760Kb used=1442Kb max_used=1499Kb free=4317Kb
 bounds [0x00000274d2ab0000, 0x00000274d2d20000, 0x00000274d3050000]
 total_blobs=4280 nmethods=3495 adapters=696
 compilation: enabled
              stopped_count=0, restarted_count=0
 full_count=0

Compilation events (20 events):
Event: 18.335 Thread 0x00000274e9b57000 nmethod 3485 0x00000274da723c90 code [0x00000274da723e40, 0x00000274da723ed8]
Event: 18.335 Thread 0x00000274e9b57000 3486       4       java.lang.invoke.LambdaForm$MH/0x0000000100060840::invoke (8 bytes)
Event: 18.336 Thread 0x00000274e9b57000 nmethod 3486 0x00000274da724010 code [0x00000274da7241a0, 0x00000274da724218]
Event: 18.336 Thread 0x00000274e9b57000 3480       4       java.util.AbstractList$SubList$1::hasNext (20 bytes)
Event: 18.338 Thread 0x00000274e9b57000 nmethod 3480 0x00000274da724310 code [0x00000274da7244a0, 0x00000274da724558]
Event: 18.338 Thread 0x00000274e9b57000 3453       4       com.sun.javafx.css.PseudoClassState::addAll (6 bytes)
Event: 18.338 Thread 0x00000274e9b57000 nmethod 3453 0x00000274da724690 code [0x00000274da724820, 0x00000274da7248a8]
Event: 18.348 Thread 0x00000274ea4dd000 3492       3       com.sun.javafx.geom.RectBounds::deriveWithUnion (64 bytes)
Event: 18.349 Thread 0x00000274ea4dd000 nmethod 3492 0x00000274d371cf10 code [0x00000274d371d160, 0x00000274d371d998]
Event: 18.349 Thread 0x00000274ea4dd000 3493       3       com.sun.javafx.geom.RectBounds::unionWith (82 bytes)
Event: 18.350 Thread 0x00000274ea4dd000 nmethod 3493 0x00000274d371dc10 code [0x00000274d371de40, 0x00000274d371e4b8]
Event: 18.350 Thread 0x00000274ea4dd000 3494       3       com.sun.javafx.text.PrismTextLayout::initCache (276 bytes)
Event: 18.351 Thread 0x00000274ea4dd000 nmethod 3494 0x00000274d371e690 code [0x00000274d371e8e0, 0x00000274d371f438]
Event: 18.435 Thread 0x00000274f58b8000 nmethod 3472 0x00000274da724990 code [0x00000274da724f00, 0x00000274da728b18]
Event: 18.444 Thread 0x00000274ea4dd000 3495       3       com.sun.javafx.css.PseudoClassState::cast (6 bytes)
Event: 18.444 Thread 0x00000274ea4dd000 nmethod 3495 0x00000274d371f710 code [0x00000274d371f8e0, 0x00000274d371fc28]
Event: 18.444 Thread 0x00000274ea4dd000 3496       3       com.sun.javafx.css.PseudoClassState::cast (21 bytes)
Event: 18.444 Thread 0x00000274ea4dd000 nmethod 3496 0x00000274d371fd90 code [0x00000274d371ff60, 0x00000274d3720248]
Event: 31.458 Thread 0x00000274ea4dd000 3497       3       java.security.AccessControlContext::combine (205 bytes)
Event: 31.459 Thread 0x00000274ea4dd000 nmethod 3497 0x00000274d3720310 code [0x00000274d3720540, 0x00000274d3721058]

GC Heap History (4 events):
Event: 0.566 GC heap before
{Heap before GC invocations=0 (full 0):
 garbage-first heap   total 131072K, used 23552K [0x0000000081a00000, 0x0000000100000000)
  region size 1024K, 24 young (24576K), 0 survivors (0K)
 Metaspace       used 10248K, capacity 10568K, committed 10624K, reserved 1058816K
  class space    used 1006K, capacity 1123K, committed 1152K, reserved 1048576K
}
Event: 0.569 GC heap after
{Heap after GC invocations=1 (full 0):
 garbage-first heap   total 131072K, used 2296K [0x0000000081a00000, 0x0000000100000000)
  region size 1024K, 3 young (3072K), 3 survivors (3072K)
 Metaspace       used 10248K, capacity 10568K, committed 10624K, reserved 1058816K
  class space    used 1006K, capacity 1123K, committed 1152K, reserved 1048576K
}
Event: 1.136 GC heap before
{Heap before GC invocations=1 (full 0):
 garbage-first heap   total 131072K, used 33016K [0x0000000081a00000, 0x0000000100000000)
  region size 1024K, 35 young (35840K), 3 survivors (3072K)
 Metaspace       used 20595K, capacity 21157K, committed 21296K, reserved 1069056K
  class space    used 2374K, capacity 2629K, committed 2688K, reserved 1048576K
}
Event: 1.146 GC heap after
{Heap after GC invocations=2 (full 0):
 garbage-first heap   total 131072K, used 8192K [0x0000000081a00000, 0x0000000100000000)
  region size 1024K, 8 young (8192K), 8 survivors (8192K)
 Metaspace       used 20595K, capacity 21157K, committed 21296K, reserved 1069056K
  class space    used 2374K, capacity 2629K, committed 2688K, reserved 1048576K
}

Deoptimization events (20 events):
Event: 6.822 Thread 0x00000274eb20e800 DEOPT PACKING pc=0x00000274d351d490 sp=0x000000ef38dfdd90
Event: 6.822 Thread 0x00000274eb20e800 DEOPT UNPACKING pc=0x00000274d2afa95e sp=0x000000ef38dfd240 mode 0
Event: 6.823 Thread 0x00000274eb20e800 DEOPT PACKING pc=0x00000274d351d490 sp=0x000000ef38dfdbe0
Event: 6.823 Thread 0x00000274eb20e800 DEOPT UNPACKING pc=0x00000274d2afa95e sp=0x000000ef38dfd090 mode 0
Event: 6.870 Thread 0x00000274eb20e800 DEOPT PACKING pc=0x00000274d351d490 sp=0x000000ef38dfdbe0
Event: 6.870 Thread 0x00000274eb20e800 DEOPT UNPACKING pc=0x00000274d2afa95e sp=0x000000ef38dfd090 mode 0
Event: 6.870 Thread 0x00000274eb20e800 DEOPT PACKING pc=0x00000274d351d490 sp=0x000000ef38dfdbe0
Event: 6.870 Thread 0x00000274eb20e800 DEOPT UNPACKING pc=0x00000274d2afa95e sp=0x000000ef38dfd090 mode 0
Event: 6.871 Thread 0x00000274eb20e800 DEOPT PACKING pc=0x00000274d351d490 sp=0x000000ef38dfdd90
Event: 6.871 Thread 0x00000274eb20e800 DEOPT UNPACKING pc=0x00000274d2afa95e sp=0x000000ef38dfd240 mode 0
Event: 6.871 Thread 0x00000274eb20e800 DEOPT PACKING pc=0x00000274d351d490 sp=0x000000ef38dfdbe0
Event: 6.871 Thread 0x00000274eb20e800 DEOPT UNPACKING pc=0x00000274d2afa95e sp=0x000000ef38dfd090 mode 0
Event: 7.653 Thread 0x00000274eb20e800 DEOPT PACKING pc=0x00000274d3537e41 sp=0x000000ef38dfda00
Event: 7.653 Thread 0x00000274eb20e800 DEOPT UNPACKING pc=0x00000274d2afa95e sp=0x000000ef38dfce38 mode 0
Event: 11.067 Thread 0x00000274eb20e800 DEOPT PACKING pc=0x00000274d353799f sp=0x000000ef38dfda00
Event: 11.067 Thread 0x00000274eb20e800 DEOPT UNPACKING pc=0x00000274d2afa95e sp=0x000000ef38dfce38 mode 0
Event: 11.068 Thread 0x00000274eb20e800 DEOPT PACKING pc=0x00000274d353799f sp=0x000000ef38dfdcb0
Event: 11.068 Thread 0x00000274eb20e800 DEOPT UNPACKING pc=0x00000274d2afa95e sp=0x000000ef38dfd0e8 mode 0
Event: 11.068 Thread 0x00000274eb20e800 DEOPT PACKING pc=0x00000274d353799f sp=0x000000ef38dfda00
Event: 11.068 Thread 0x00000274eb20e800 DEOPT UNPACKING pc=0x00000274d2afa95e sp=0x000000ef38dfce38 mode 0

Classes redefined (0 events):
No events

Internal exceptions (20 events):
Event: 0.869 Thread 0x00000274eb1d6800 Exception <a 'sun/nio/fs/WindowsException'{0x0000000088809cb0}> (0x0000000088809cb0) thrown at [./src/hotspot/share/prims/jni.cpp, line 617]
Event: 0.875 Thread 0x00000274eb1d6800 Exception <a 'java/lang/ClassNotFoundException'{0x000000008881ec78}: sun/util/logging/resources/spi/loggingProvider> (0x000000008881ec78) thrown at [./src/hotspot/share/classfile/systemDictionary.cpp, line 230]
Event: 0.908 Thread 0x00000274eb1d6800 Exception <a 'java/lang/ClassNotFoundException'{0x0000000088624ac0}: com/sun/glass/ui/win/themes> (0x0000000088624ac0) thrown at [./src/hotspot/share/prims/jni.cpp, line 638]
Event: 0.909 Thread 0x00000274eb1d6800 Exception <a 'java/lang/ClassNotFoundException'{0x000000008862cd98}: com/sun/glass/ui/win/themes_ru> (0x000000008862cd98) thrown at [./src/hotspot/share/prims/jni.cpp, line 638]
Event: 0.909 Thread 0x00000274eb1d6800 Exception <a 'java/lang/ClassNotFoundException'{0x000000008862eaa0}: com/sun/glass/ui/win/themes_ru_RU> (0x000000008862eaa0) thrown at [./src/hotspot/share/prims/jni.cpp, line 638]
Event: 0.996 Thread 0x00000274eb1d6800 Exception <a 'java/lang/NoSuchMethodError'{0x0000000087e41a38}: 'void java.lang.invoke.DirectMethodHandle$Holder.invokeStaticInit(java.lang.Object, java.lang.Object)'> (0x0000000087e41a38) thrown at [./src/hotspot/share/interpreter/linkResolver.cpp, line 773]
Event: 1.012 Thread 0x00000274eb1d6800 Exception <a 'sun/nio/fs/WindowsException'{0x0000000087d80c38}> (0x0000000087d80c38) thrown at [./src/hotspot/share/prims/jni.cpp, line 617]
Event: 1.032 Thread 0x00000274eb1d6800 Exception <a 'java/lang/NoSuchMethodError'{0x0000000087c86418}: 'java.lang.Object java.lang.invoke.Invokers$Holder.linkToTargetMethod(java.lang.Object, int, java.lang.Object)'> (0x0000000087c86418) thrown at [./src/hotspot/share/interpreter/linkResolver.cpp, line 773]
Event: 1.095 Thread 0x00000274eb1d6800 Implicit null exception at 0x00000274da5c0678 to 0x00000274da5c070a
Event: 1.255 Thread 0x00000274eb1d6800 Exception <a 'java/lang/NoSuchMethodError'{0x000000008966a8e0}: 'java.lang.Object java.lang.invoke.DirectMethodHandle$Holder.invokeInterface(java.lang.Object, java.lang.Object, java.lang.Object)'> (0x000000008966a8e0) thrown at [./src/hotspot/share/interpreter/linkResolver.cpp, line 773]
Event: 1.255 Thread 0x00000274eb1d6800 Exception <a 'java/lang/IncompatibleClassChangeError'{0x000000008966d868}: Found class java.lang.Object, but interface was expected> (0x000000008966d868) thrown at [./src/hotspot/share/interpreter/linkResolver.cpp, line 839]
Event: 1.301 Thread 0x00000274eb1d6800 Exception <a 'java/lang/ClassNotFoundException'{0x00000000894fc738}: com/sun/javafx/scene/control/skin/resources/controls> (0x00000000894fc738) thrown at [./src/hotspot/share/prims/jni.cpp, line 638]
Event: 1.302 Thread 0x00000274eb1d6800 Exception <a 'java/lang/ClassNotFoundException'{0x000000008930bee8}: com/sun/javafx/scene/control/skin/resources/controls_ru> (0x000000008930bee8) thrown at [./src/hotspot/share/prims/jni.cpp, line 638]
Event: 1.302 Thread 0x00000274eb1d6800 Exception <a 'java/lang/ClassNotFoundException'{0x000000008930e1f8}: com/sun/javafx/scene/control/skin/resources/controls_ru_RU> (0x000000008930e1f8) thrown at [./src/hotspot/share/prims/jni.cpp, line 638]
Event: 1.327 Thread 0x00000274eb1d6800 Exception <a 'java/lang/NoSuchMethodError'{0x00000000892844a8}: 'void java.lang.invoke.DirectMethodHandle$Holder.invokeSpecial(java.lang.Object, java.lang.Object, java.lang.Object, java.lang.Object, java.lang.Object, java.lang.Object)'> (0x00000000892844a8) thrown at [./src/hotspot/share/interpreter/linkResolver.cpp, line 773]
Event: 1.398 Thread 0x00000274eb20e800 Exception <a 'java/lang/NoSuchMethodError'{0x0000000088d19b40}: 'int java.lang.invoke.DirectMethodHandle$Holder.invokeStaticInit(java.lang.Object, java.lang.Object)'> (0x0000000088d19b40) thrown at [./src/hotspot/share/interpreter/linkResolver.cpp, line 773]
Event: 5.926 Thread 0x00000274eb1d6800 Exception <a 'java/lang/NoSuchMethodError'{0x00000000889ff190}: 'long java.lang.invoke.DirectMethodHandle$Holder.invokeStaticInit(java.lang.Object, java.lang.Object, java.lang.Object)'> (0x00000000889ff190) thrown at [./src/hotspot/share/interpreter/linkResolver.cpp, line 773]
Event: 5.928 Thread 0x00000274eb1d6800 Exception <a 'java/lang/NoSuchMethodError'{0x0000000088817ca8}: 'java.lang.Object java.lang.invoke.DirectMethodHandle$Holder.invokeStatic(java.lang.Object, java.lang.Object, long)'> (0x0000000088817ca8) thrown at [./src/hotspot/share/interpreter/linkResolver.cpp, line 773]
Event: 5.928 Thread 0x00000274eb1d6800 Exception <a 'java/lang/NoSuchMethodError'{0x000000008881de20}: 'java.lang.Object java.lang.invoke.Invokers$Holder.linkToTargetMethod(java.lang.Object, long, java.lang.Object)'> (0x000000008881de20) thrown at [./src/hotspot/share/interpreter/linkResolver.cpp, line 773]
Event: 31.465 Thread 0x00000274eb779800 Exception <a 'java/lang/IllegalStateException'{0x0000000087f39300}> (0x0000000087f39300) thrown at [./src/hotspot/share/prims/jvm.cpp, line 1310]

Events (20 events):
Event: 31.461 Executing VM operation: RevokeBias
Event: 31.461 Executing VM operation: RevokeBias done
Event: 31.461 loading class com/sun/javafx/tk/quantum/QuantumRenderer
Event: 31.461 loading class com/sun/javafx/tk/quantum/QuantumRenderer done
Event: 31.461 Executing VM operation: RevokeBias
Event: 31.462 Executing VM operation: RevokeBias done
Event: 31.462 Executing VM operation: RevokeBias
Event: 31.462 Executing VM operation: RevokeBias done
Event: 31.462 Executing VM operation: RevokeBias
Event: 31.463 Executing VM operation: RevokeBias done
Event: 31.463 Executing VM operation: RevokeBias
Event: 31.464 Executing VM operation: RevokeBias done
Event: 31.464 Executing VM operation: RevokeBias
Event: 31.464 Executing VM operation: RevokeBias done
Event: 31.464 Thread 0x00000274eb7d5800 Thread exited: 0x00000274eb7d5800
Event: 31.465 loading class com/sun/javafx/tk/quantum/QuantumToolkit
Event: 31.465 loading class com/sun/javafx/tk/quantum/QuantumToolkit done
Event: 31.465 Thread 0x00000274eb779800 Thread exited: 0x00000274eb779800
Event: 31.465 Thread 0x00000274e9b49800 Thread exited: 0x00000274e9b49800
Event: 31.465 Executing VM operation: Exit


Dynamic libraries:
0x00007ff631830000 - 0x00007ff63183d000 	C:\Program Files\Amazon Corretto\jdk11.0.17_8\bin\java.exe
0x00007ffc8ddb0000 - 0x00007ffc8dfa8000 	C:\WINDOWS\SYSTEM32\ntdll.dll
0x00007ffc8cec0000 - 0x00007ffc8cf7f000 	C:\WINDOWS\System32\KERNEL32.DLL
0x00007ffc8b490000 - 0x00007ffc8b786000 	C:\WINDOWS\System32\KERNELBASE.dll
0x00007ffc8bc50000 - 0x00007ffc8bd50000 	C:\WINDOWS\System32\ucrtbase.dll
0x00007ffc85870000 - 0x00007ffc85889000 	C:\Program Files\Amazon Corretto\jdk11.0.17_8\bin\VCRUNTIME140.dll
0x00007ffc85810000 - 0x00007ffc85827000 	C:\Program Files\Amazon Corretto\jdk11.0.17_8\bin\jli.dll
0x00007ffc8d870000 - 0x00007ffc8da0d000 	C:\WINDOWS\System32\USER32.dll
0x00007ffc8bde0000 - 0x00007ffc8be02000 	C:\WINDOWS\System32\win32u.dll
0x00007ffc7b8b0000 - 0x00007ffc7bb4a000 	C:\WINDOWS\WinSxS\amd64_microsoft.windows.common-controls_6595b64144ccf1df_6.0.19041.1110_none_60b5254171f9507e\COMCTL32.dll
0x00007ffc8dae0000 - 0x00007ffc8db0c000 	C:\WINDOWS\System32\GDI32.dll
0x00007ffc8be10000 - 0x00007ffc8beae000 	C:\WINDOWS\System32\msvcrt.dll
0x00007ffc8b880000 - 0x00007ffc8b995000 	C:\WINDOWS\System32\gdi32full.dll
0x00007ffc8b7e0000 - 0x00007ffc8b87d000 	C:\WINDOWS\System32\msvcp_win.dll
0x00007ffc8db10000 - 0x00007ffc8db40000 	C:\WINDOWS\System32\IMM32.DLL
0x00007ffc7b390000 - 0x00007ffc7b42b000 	C:\Program Files\Amazon Corretto\jdk11.0.17_8\bin\msvcp140.dll
0x00007ffc3eec0000 - 0x00007ffc3fa45000 	C:\Program Files\Amazon Corretto\jdk11.0.17_8\bin\server\jvm.dll
0x00007ffc8da10000 - 0x00007ffc8dabf000 	C:\WINDOWS\System32\ADVAPI32.dll
0x00007ffc8beb0000 - 0x00007ffc8bf4c000 	C:\WINDOWS\System32\sechost.dll
0x00007ffc8c3c0000 - 0x00007ffc8c4e6000 	C:\WINDOWS\System32\RPCRT4.dll
0x00007ffc8c350000 - 0x00007ffc8c358000 	C:\WINDOWS\System32\PSAPI.DLL
0x00007ffc7cef0000 - 0x00007ffc7cef9000 	C:\WINDOWS\SYSTEM32\WSOCK32.dll
0x00007ffc85c20000 - 0x00007ffc85c47000 	C:\WINDOWS\SYSTEM32\WINMM.dll
0x00007ffc83bb0000 - 0x00007ffc83bba000 	C:\WINDOWS\SYSTEM32\VERSION.dll
0x00007ffc8ce50000 - 0x00007ffc8cebb000 	C:\WINDOWS\System32\WS2_32.dll
0x00007ffc89d70000 - 0x00007ffc89d82000 	C:\WINDOWS\SYSTEM32\kernel.appcore.dll
0x00007ffc86f30000 - 0x00007ffc86f40000 	C:\Program Files\Amazon Corretto\jdk11.0.17_8\bin\verify.dll
0x00007ffc89320000 - 0x00007ffc89504000 	C:\WINDOWS\SYSTEM32\DBGHELP.DLL
0x00007ffc82bd0000 - 0x00007ffc82c04000 	C:\WINDOWS\SYSTEM32\dbgcore.DLL
0x00007ffc8bd50000 - 0x00007ffc8bdd2000 	C:\WINDOWS\System32\bcryptPrimitives.dll
0x00007ffc84510000 - 0x00007ffc84538000 	C:\Program Files\Amazon Corretto\jdk11.0.17_8\bin\java.dll
0x00007ffc860a0000 - 0x00007ffc860aa000 	C:\Program Files\Amazon Corretto\jdk11.0.17_8\bin\jimage.dll
0x00007ffc86070000 - 0x00007ffc8607e000 	C:\Program Files\Amazon Corretto\jdk11.0.17_8\bin\instrument.dll
0x00007ffc81e50000 - 0x00007ffc81e68000 	C:\Program Files\Amazon Corretto\jdk11.0.17_8\bin\zip.dll
0x00007ffc8cf80000 - 0x00007ffc8d6c4000 	C:\WINDOWS\System32\SHELL32.dll
0x00007ffc89530000 - 0x00007ffc89cc3000 	C:\WINDOWS\SYSTEM32\windows.storage.dll
0x00007ffc8c550000 - 0x00007ffc8c8a4000 	C:\WINDOWS\System32\combase.dll
0x00007ffc8aef0000 - 0x00007ffc8af1e000 	C:\WINDOWS\SYSTEM32\Wldp.dll
0x00007ffc8bfe0000 - 0x00007ffc8c08d000 	C:\WINDOWS\System32\SHCORE.dll
0x00007ffc8d800000 - 0x00007ffc8d855000 	C:\WINDOWS\System32\shlwapi.dll
0x00007ffc8b3d0000 - 0x00007ffc8b3ef000 	C:\WINDOWS\SYSTEM32\profapi.dll
0x00007ffc7f990000 - 0x00007ffc7f9a9000 	C:\Program Files\Amazon Corretto\jdk11.0.17_8\bin\net.dll
0x00007ffc82030000 - 0x00007ffc8213a000 	C:\WINDOWS\SYSTEM32\WINHTTP.dll
0x00007ffc8ac50000 - 0x00007ffc8acba000 	C:\WINDOWS\system32\mswsock.dll
0x00007ffc7f970000 - 0x00007ffc7f983000 	C:\Program Files\Amazon Corretto\jdk11.0.17_8\bin\nio.dll
0x00007ffc7f8f0000 - 0x00007ffc7f90a000 	D:\IntelliJ IDEA Community Edition 2022.2.3\bin\breakgen64.dll
0x00000274c8b50000 - 0x00000274c8b53000 	C:\Users\andre\.openjfx\cache\17.0.2-ea\api-ms-win-core-console-l1-1-0.dll
0x00000274ec240000 - 0x00000274ec243000 	C:\Users\andre\.openjfx\cache\17.0.2-ea\api-ms-win-core-console-l1-2-0.dll
0x00000274ec250000 - 0x00000274ec253000 	C:\Users\andre\.openjfx\cache\17.0.2-ea\api-ms-win-core-datetime-l1-1-0.dll
0x00000274ec260000 - 0x00000274ec263000 	C:\Users\andre\.openjfx\cache\17.0.2-ea\api-ms-win-core-debug-l1-1-0.dll
0x00000274ec270000 - 0x00000274ec273000 	C:\Users\andre\.openjfx\cache\17.0.2-ea\api-ms-win-core-errorhandling-l1-1-0.dll
0x00000274ec280000 - 0x00000274ec284000 	C:\Users\andre\.openjfx\cache\17.0.2-ea\api-ms-win-core-file-l1-1-0.dll
0x00000274ec290000 - 0x00000274ec293000 	C:\Users\andre\.openjfx\cache\17.0.2-ea\api-ms-win-core-file-l1-2-0.dll
0x00000274ec2a0000 - 0x00000274ec2a3000 	C:\Users\andre\.openjfx\cache\17.0.2-ea\api-ms-win-core-file-l2-1-0.dll
0x00000274ec2b0000 - 0x00000274ec2b3000 	C:\Users\andre\.openjfx\cache\17.0.2-ea\api-ms-win-core-handle-l1-1-0.dll
0x00000274ec2c0000 - 0x00000274ec2c3000 	C:\Users\andre\.openjfx\cache\17.0.2-ea\api-ms-win-core-heap-l1-1-0.dll
0x00000274ec2d0000 - 0x00000274ec2d3000 	C:\Users\andre\.openjfx\cache\17.0.2-ea\api-ms-win-core-interlocked-l1-1-0.dll
0x00000274ec2e0000 - 0x00000274ec2e3000 	C:\Users\andre\.openjfx\cache\17.0.2-ea\api-ms-win-core-libraryloader-l1-1-0.dll
0x00000274ec2f0000 - 0x00000274ec2f3000 	C:\Users\andre\.openjfx\cache\17.0.2-ea\api-ms-win-core-localization-l1-2-0.dll
0x00000274ec300000 - 0x00000274ec303000 	C:\Users\andre\.openjfx\cache\17.0.2-ea\api-ms-win-core-memory-l1-1-0.dll
0x00000274ec310000 - 0x00000274ec313000 	C:\Users\andre\.openjfx\cache\17.0.2-ea\api-ms-win-core-namedpipe-l1-1-0.dll
0x00000274ec320000 - 0x00000274ec323000 	C:\Users\andre\.openjfx\cache\17.0.2-ea\api-ms-win-core-processenvironment-l1-1-0.dll
0x00000274ec330000 - 0x00000274ec333000 	C:\Users\andre\.openjfx\cache\17.0.2-ea\api-ms-win-core-processthreads-l1-1-0.dll
0x00000274ec340000 - 0x00000274ec343000 	C:\Users\andre\.openjfx\cache\17.0.2-ea\api-ms-win-core-processthreads-l1-1-1.dll
0x00000274ec350000 - 0x00000274ec353000 	C:\Users\andre\.openjfx\cache\17.0.2-ea\api-ms-win-core-profile-l1-1-0.dll
0x00000274ec360000 - 0x00000274ec363000 	C:\Users\andre\.openjfx\cache\17.0.2-ea\api-ms-win-core-rtlsupport-l1-1-0.dll
0x00000274ec370000 - 0x00000274ec373000 	C:\Users\andre\.openjfx\cache\17.0.2-ea\api-ms-win-core-string-l1-1-0.dll
0x00000274ec380000 - 0x00000274ec383000 	C:\Users\andre\.openjfx\cache\17.0.2-ea\api-ms-win-core-synch-l1-1-0.dll
0x00000274ec390000 - 0x00000274ec393000 	C:\Users\andre\.openjfx\cache\17.0.2-ea\api-ms-win-core-synch-l1-2-0.dll
0x00000274ec3a0000 - 0x00000274ec3a3000 	C:\Users\andre\.openjfx\cache\17.0.2-ea\api-ms-win-core-sysinfo-l1-1-0.dll
0x00000274ec3b0000 - 0x00000274ec3b3000 	C:\Users\andre\.openjfx\cache\17.0.2-ea\api-ms-win-core-timezone-l1-1-0.dll
0x00000274ec3c0000 - 0x00000274ec3c3000 	C:\Users\andre\.openjfx\cache\17.0.2-ea\api-ms-win-core-util-l1-1-0.dll
0x00000274ec3d0000 - 0x00000274ec3d3000 	C:\Users\andre\.openjfx\cache\17.0.2-ea\api-ms-win-crt-conio-l1-1-0.dll
0x00000274ec3e0000 - 0x00000274ec3e4000 	C:\Users\andre\.openjfx\cache\17.0.2-ea\api-ms-win-crt-convert-l1-1-0.dll
0x00000274ec3f0000 - 0x00000274ec3f3000 	C:\Users\andre\.openjfx\cache\17.0.2-ea\api-ms-win-crt-environment-l1-1-0.dll
0x00000274ec400000 - 0x00000274ec403000 	C:\Users\andre\.openjfx\cache\17.0.2-ea\api-ms-win-crt-filesystem-l1-1-0.dll
0x00000274ec410000 - 0x00000274ec413000 	C:\Users\andre\.openjfx\cache\17.0.2-ea\api-ms-win-crt-heap-l1-1-0.dll
0x00000274ec420000 - 0x00000274ec423000 	C:\Users\andre\.openjfx\cache\17.0.2-ea\api-ms-win-crt-locale-l1-1-0.dll
0x00000274ec430000 - 0x00000274ec435000 	C:\Users\andre\.openjfx\cache\17.0.2-ea\api-ms-win-crt-math-l1-1-0.dll
0x00000274ec440000 - 0x00000274ec445000 	C:\Users\andre\.openjfx\cache\17.0.2-ea\api-ms-win-crt-multibyte-l1-1-0.dll
0x00000274ec450000 - 0x00000274ec460000 	C:\Users\andre\.openjfx\cache\17.0.2-ea\api-ms-win-crt-private-l1-1-0.dll
0x00000274ec460000 - 0x00000274ec463000 	C:\Users\andre\.openjfx\cache\17.0.2-ea\api-ms-win-crt-process-l1-1-0.dll
0x00000274ec470000 - 0x00000274ec474000 	C:\Users\andre\.openjfx\cache\17.0.2-ea\api-ms-win-crt-runtime-l1-1-0.dll
0x00000274ec480000 - 0x00000274ec484000 	C:\Users\andre\.openjfx\cache\17.0.2-ea\api-ms-win-crt-stdio-l1-1-0.dll
0x00000274ec490000 - 0x00000274ec494000 	C:\Users\andre\.openjfx\cache\17.0.2-ea\api-ms-win-crt-string-l1-1-0.dll
0x00000274ec4a0000 - 0x00000274ec4a3000 	C:\Users\andre\.openjfx\cache\17.0.2-ea\api-ms-win-crt-time-l1-1-0.dll
0x00000274ec4b0000 - 0x00000274ec4b3000 	C:\Users\andre\.openjfx\cache\17.0.2-ea\api-ms-win-crt-utility-l1-1-0.dll
0x00007ffc5f400000 - 0x00007ffc5f4fc000 	C:\Users\andre\.openjfx\cache\17.0.2-ea\ucrtbase.dll
0x00007ffc7f8d0000 - 0x00007ffc7f8ea000 	C:\Users\andre\.openjfx\cache\17.0.2-ea\vcruntime140.dll
0x00007ffc84930000 - 0x00007ffc8493c000 	C:\Users\andre\.openjfx\cache\17.0.2-ea\vcruntime140_1.dll
0x00007ffc5f370000 - 0x00007ffc5f3fd000 	C:\Users\andre\.openjfx\cache\17.0.2-ea\msvcp140.dll
0x00007ffc7b360000 - 0x00007ffc7b38a000 	C:\Users\andre\.openjfx\cache\17.0.2-ea\prism_d3d.dll
0x00007ffc7f6c0000 - 0x00007ffc7f88d000 	C:\WINDOWS\system32\d3d9.dll
0x00007ffc88ea0000 - 0x00007ffc88ecf000 	C:\WINDOWS\SYSTEM32\dwmapi.dll
0x00007ffc88ab0000 - 0x00007ffc88b4e000 	C:\WINDOWS\system32\uxtheme.dll
0x00007ffc40e30000 - 0x00007ffc40ffd000 	C:\WINDOWS\System32\DriverStore\FileRepository\iigd_dch.inf_amd64_b261b2ab559fdee8\igdumdim64.dll
0x00007ffc6a670000 - 0x00007ffc6a790000 	C:\WINDOWS\System32\DriverStore\FileRepository\iigd_dch.inf_amd64_b261b2ab559fdee8\igdgmm64.dll
0x00007ffc370e0000 - 0x00007ffc3acf1000 	C:\WINDOWS\System32\DriverStore\FileRepository\iigd_dch.inf_amd64_b261b2ab559fdee8\igd9dxva64.dll
0x00007ffc8d6d0000 - 0x00007ffc8d7fa000 	C:\WINDOWS\System32\OLE32.dll
0x00007ffc8c090000 - 0x00007ffc8c15d000 	C:\WINDOWS\System32\OLEAUT32.dll
0x00007ffc7b310000 - 0x00007ffc7b352000 	C:\Users\andre\.openjfx\cache\17.0.2-ea\glass.dll
0x00007ffc8c270000 - 0x00007ffc8c34a000 	C:\WINDOWS\System32\COMDLG32.dll
0x00007ffc8cd30000 - 0x00007ffc8ce44000 	C:\WINDOWS\System32\MSCTF.dll
0x00007ffc718b0000 - 0x00007ffc718d1000 	C:\WINDOWS\System32\DriverStore\FileRepository\iigd_dch.inf_amd64_b261b2ab559fdee8\igdinfo64.dll
0x00007ffc68160000 - 0x00007ffc6a4c0000 	C:\WINDOWS\System32\DriverStore\FileRepository\iigd_dch.inf_amd64_b261b2ab559fdee8\igc64.dll
0x00007ffc67eb0000 - 0x00007ffc67eeb000 	C:\WINDOWS\SYSTEM32\dxcore.dll
0x00007ffc8b790000 - 0x00007ffc8b7de000 	C:\WINDOWS\System32\cfgmgr32.dll
0x00007ffc70140000 - 0x00007ffc70154000 	C:\Users\andre\.openjfx\cache\17.0.2-ea\javafx_font.dll
0x00007ffc61ab0000 - 0x00007ffc61d2f000 	C:\WINDOWS\SYSTEM32\dwrite.dll
0x00007ffc8c1c0000 - 0x00007ffc8c269000 	C:\WINDOWS\System32\clbcatq.dll
0x00007ffc6cc00000 - 0x00007ffc6cdb4000 	C:\WINDOWS\SYSTEM32\WindowsCodecs.dll
0x00007ffc8b9a0000 - 0x00007ffc8b9c7000 	C:\WINDOWS\System32\bcrypt.dll
0x00007ffc652d0000 - 0x00007ffc6530e000 	C:\WINDOWS\system32\dataexchange.dll
0x00007ffc86ff0000 - 0x00007ffc87253000 	C:\WINDOWS\system32\d3d11.dll
0x00007ffc87de0000 - 0x00007ffc87fc3000 	C:\WINDOWS\system32\dcomp.dll
0x00007ffc89d90000 - 0x00007ffc89e83000 	C:\WINDOWS\system32\dxgi.dll
0x00007ffc83950000 - 0x00007ffc83b50000 	C:\WINDOWS\system32\twinapi.appcore.dll
0x00007ffc6d330000 - 0x00007ffc6d364000 	C:\Program Files\Common Files\Microsoft Shared\Ink\rtscom.dll
0x00007ffc85d30000 - 0x00007ffc85e2a000 	C:\WINDOWS\SYSTEM32\textinputframework.dll
0x00007ffc88350000 - 0x00007ffc886ae000 	C:\WINDOWS\System32\CoreUIComponents.dll
0x00007ffc886b0000 - 0x00007ffc887a2000 	C:\WINDOWS\System32\CoreMessaging.dll
0x00007ffc8a620000 - 0x00007ffc8a653000 	C:\WINDOWS\SYSTEM32\ntmarta.dll
0x00007ffc87c80000 - 0x00007ffc87dd4000 	C:\WINDOWS\SYSTEM32\wintypes.dll

dbghelp: loaded successfully - version: 4.0.5 - missing functions: none
symbol engine: initialized successfully - sym options: 0x614 - pdb path: .;C:\Program Files\Amazon Corretto\jdk11.0.17_8\bin;C:\WINDOWS\SYSTEM32;C:\WINDOWS\WinSxS\amd64_microsoft.windows.common-controls_6595b64144ccf1df_6.0.19041.1110_none_60b5254171f9507e;C:\Program Files\Amazon Corretto\jdk11.0.17_8\bin\server;D:\IntelliJ IDEA Community Edition 2022.2.3\bin;C:\Users\andre\.openjfx\cache\17.0.2-ea;C:\WINDOWS\System32\DriverStore\FileRepository\iigd_dch.inf_amd64_b261b2ab559fdee8;C:\Program Files\Common Files\Microsoft Shared\Ink

VM Arguments:
jvm_args: -javaagent:D:\IntelliJ IDEA Community Edition 2022.2.3\lib\idea_rt.jar=56459:D:\IntelliJ IDEA Community Edition 2022.2.3\bin -Dfile.encoding=UTF-8 --module-path=C:\Users\andre\.m2\repository\org\controlsfx\controlsfx\11.1.1\controlsfx-11.1.1.jar;C:\Users\andre\.m2\repository\com\github\almasb\fxgl-scene\11.17\fxgl-scene-11.17.jar;C:\Users\andre\.m2\repository\com\fasterxml\jackson\core\jackson-databind\2.13.5\jackson-databind-2.13.5.jar;C:\Users\andre\.m2\repository\com\github\almasb\fxgl-io\11.17\fxgl-io-11.17.jar;C:\Users\andre\.m2\repository\org\kordamp\bootstrapfx\bootstrapfx-core\0.4.0\bootstrapfx-core-0.4.0.jar;C:\Users\andre\.m2\repository\com\fasterxml\jackson\core\jackson-annotations\2.13.5\jackson-annotations-2.13.5.jar;C:\Users\andre\.m2\repository\org\kordamp\ikonli\ikonli-javafx\12.3.1\ikonli-javafx-12.3.1.jar;C:\Users\andre\.m2\repository\com\gluonhq\attach\lifecycle\4.0.9\lifecycle-4.0.9.jar;C:\Users\andre\.m2\repository\com\gluonhq\attach\audio\4.0.9\audio-4.0.9.jar;C:\Users\andre\.m2\repository\org\kordamp\ikonli\ikonli-core\12.3.1\ikonli-core-12.3.1.jar;C:\Users\andre\.m2\repository\org\openjfx\javafx-fxml\17.0.2\javafx-fxml-17.0.2-win.jar;C:\Users\andre\.m2\repository\org\openjfx\javafx-controls\17.0.2\javafx-controls-17.0.2-win.jar;C:\Users\andre\.m2\repository\com\github\almasb\fxgl-gameplay\11.17\fxgl-gameplay-11.17.jar;C:\Users\andre\.m2\repository\com\github\almasb\fxgl-core\11.17\fxgl-core-11.17.jar;C:\Users\andre\.m2\repository\com\dlsc\formsfx\formsfx-core\11.5.0\formsfx-core-11.5.0.jar;C:\Users\andre\.m2\repository\com\fasterxml\jackson\core\jackson-core\2.13.5\jackson-core-2.13.5.jar;C:\Users\andre\.m2\repository\org\slf4j\slf4j-api\1.7.6\slf4j-api-1.7.6.jar;C:\Users\andre\.m2\repository\org\openjfx\javafx-base\17.0.2\javafx-base-17.0.2-win.jar;C:\Users\andre\.m2\repository\com\github\almasb\fxgl\11.17\fxgl-11.17.jar;C:\Users\andre\.m2\repository\org\jetbrains\kotlin\kotlin-stdlib\1.5.10\kotlin-stdlib-1.5.10-modular.jar;C:\Users\andre\.m2\repository\log4j\log4j\1.2.17\log4j-1.2.17.jar;C:\Users\andre\.m2\repository\org\mindrot\jbcrypt\0.4\jbcrypt-0.4.jar;C:\Users\andre\.m2\reposito-Djdk.module.main=gutlag.authservice20 
java_command: gutlag.authservice20/gutlag.authservice20.HelloApplication
java_class_path (initial): C:\Users\andre\.m2\repository\org\openjfx\javafx-controls\17.0.2\javafx-controls-17.0.2.jar;C:\Users\andre\.m2\repository\org\openjfx\javafx-graphics\17.0.2\javafx-graphics-17.0.2.jar;C:\Users\andre\.m2\repository\org\openjfx\javafx-base\17.0.2\javafx-base-17.0.2.jar;C:\Users\andre\.m2\repository\org\openjfx\javafx-fxml\17.0.2\javafx-fxml-17.0.2.jar;C:\Users\andre\.m2\repository\org\openjfx\javafx-media\17.0.2\javafx-media-17.0.2.jar;C:\Users\andre\.m2\repository\org\jetbrains\annotations\13.0\annotations-13.0.jar;C:\Users\andre\.m2\repository\com\h2database\h2\2.1.214\h2-2.1.214.jar;C:\Users\andre\.m2\repository\at\favre\lib\bcrypt\0.10.2\bcrypt-0.10.2.jar;C:\Users\andre\.m2\repository\at\favre\lib\bytes\1.5.0\bytes-1.5.0.jar;C:\Users\andre\.m2\repository\org\slf4j\slf4j-log4j12\1.7.5\slf4j-log4j12-1.7.5.jar;C:\Users\andre\.m2\repository\de\nycode\bcrypt\2.3.0\bcrypt-2.3.0.jar;C:\Users\andre\.m2\repository\org\jetbrains\kotlin\kotlin-stdlib-common\1.6.21\kotlin-stdlib-common-1.6.21.jar
Launcher Type: SUN_STANDARD

[Global flags]
     intx CICompilerCount                          = 4                                         {product} {ergonomic}
     uint ConcGCThreads                            = 2                                         {product} {ergonomic}
     uint G1ConcRefinementThreads                  = 8                                         {product} {ergonomic}
   size_t G1HeapRegionSize                         = 1048576                                   {product} {ergonomic}
    uintx GCDrainStackTargetSize                   = 64                                        {product} {ergonomic}
   size_t InitialHeapSize                          = 134217728                                 {product} {ergonomic}
   size_t MarkStackSize                            = 4194304                                   {product} {ergonomic}
   size_t MaxHeapSize                              = 2120220672                                {product} {ergonomic}
   size_t MaxNewSize                               = 1271922688                                {product} {ergonomic}
   size_t MinHeapDeltaBytes                        = 1048576                                   {product} {ergonomic}
    uintx NonNMethodCodeHeapSize                   = 5836300                                {pd product} {ergonomic}
    uintx NonProfiledCodeHeapSize                  = 122910970                              {pd product} {ergonomic}
    uintx ProfiledCodeHeapSize                     = 122910970                              {pd product} {ergonomic}
    uintx ReservedCodeCacheSize                    = 251658240                              {pd product} {ergonomic}
     bool SegmentedCodeCache                       = true                                      {product} {ergonomic}
     bool UseCompressedClassPointers               = true                                 {lp64_product} {ergonomic}
     bool UseCompressedOops                        = true                                 {lp64_product} {ergonomic}
     bool UseG1GC                                  = true                                      {product} {ergonomic}
     bool UseLargePagesIndividualAllocation        = false                                  {pd product} {ergonomic}

Logging:
Log output configuration:
 #0: stdout all=warning uptime,level,tags
 #1: stderr all=off uptime,level,tags

Environment Variables:
JAVA_HOME=C:\Program Files\Amazon Corretto\jdk11.0.17_8
PATH=C:\Program Files\Amazon Corretto\jdk11.0.17_8\bin;C:\ProgramData\Oracle\Java\javapath;C:\Windows\system32;C:\Windows;C:\Windows\System32\Wbem;C:\Windows\System32\WindowsPowerShell\v1.0\;C:\Windows\System32\OpenSSH\;C:\WINDOWS\system32;C:\WINDOWS;C:\WINDOWS\System32\Wbem;C:\WINDOWS\System32\WindowsPowerShell\v1.0\;C:\WINDOWS\System32\OpenSSH\;D:\Git\cmd;;C:\Program Files (x86)\NVIDIA Corporation\PhysX\Common;C:\Program Files\PuTTY\;C:\Users\andre\AppData\Local\Microsoft\WindowsApps;D:\Microsoft VS Code\bin;C:\sqlite;C:\sqlite;
USERNAME=andre
OS=Windows_NT
PROCESSOR_IDENTIFIER=Intel64 Family 6 Model 158 Stepping 10, GenuineIntel
TMP=C:\Users\andre\AppData\Local\Temp
TEMP=C:\Users\andre\AppData\Local\Temp



---------------  S Y S T E M  ---------------

OS: Windows 10 , 64 bit Build 19041 (10.0.19041.2913)
OS uptime: 13 days 21:32 hours

CPU:total 8 (initial active 8) (4 cores per cpu, 2 threads per core) family 6 model 158 stepping 10 microcode 0xb4, cmov, cx8, fxsr, mmx, sse, sse2, sse3, ssse3, sse4.1, sse4.2, popcnt, avx, avx2, aes, clmul, erms, 3dnowpref, lzcnt, ht, tsc, tscinvbit, bmi1, bmi2, adx, fma

Memory: 4k page, system-wide physical 8081M (2275M free)
TotalPageFile size 29571M (AvailPageFile size 20334M)
current process WorkingSet (physical memory assigned to process): 169M, peak: 207M
current process commit charge ("private bytes"): 290M, peak: 330M

vm_info: OpenJDK 64-Bit Server VM (11.0.17+8-LTS) for windows-amd64 JRE (11.0.17+8-LTS), built on Oct 14 2022 18:02:01 by "Administrator" with MS VC++ 15.9 (VS2017)

END.
